This file contains any messages produced by compilers while
running configure, to aid debugging if configure makes a mistake.

It was created by doxymacs configure 1.8.0, which was
generated by GNU Autoconf 2.61.  Invocation command line was

  $ ../configure 

## --------- ##
## Platform. ##
## --------- ##

hostname = abelardojara-Super-Server
uname -m = x86_64
uname -r = 5.13.0-32-generic
uname -s = Linux
uname -v = #35~20.04.1-Ubuntu SMP Thu Feb 24 15:42:34 UTC 2022

/usr/bin/uname -p = x86_64
/bin/uname -X     = unknown

/bin/arch              = x86_64
/usr/bin/arch -k       = unknown
/usr/convex/getsysinfo = unknown
/usr/bin/hostinfo      = unknown
/bin/machine           = unknown
/usr/bin/oslevel       = unknown
/bin/universe          = unknown

PATH: /snap/bin
PATH: /home/abelardojara/.config/guix/current/bin
PATH: /home/abelardojara/.npm-global/bin
PATH: /home/abelardojara/go/bin
PATH: /opt/PDFStudio
PATH: /opt/master-pdf-editor-5
PATH: /opt/sublime_text
PATH: /opt/IBM/SPSS/Statistics/current/bin
PATH: /opt/intelFPGA_pro/17.1/hld/host/linux64/bin
PATH: /opt/intelFPGA_pro/17.1/quartus/bin
PATH: /opt/intelFPGA_pro/17.1/qsys/bin
PATH: /opt/Matlab/current/bin
PATH: /opt/mentor/calibre/2013.3_28.19/bin
PATH: /opt/cadence/installs/MMSIM121/tools/bin
PATH: /opt/cadence/installs/MMSIM121/tools/spectre/bin
PATH: /tools/bin
PATH: /tools/dfII/bin
PATH: /bin
PATH: /opt/intel/intelpython3/bin
PATH: /opt/intel/intelpython3/condabin
PATH: /opt/intel/advisor_2020.3.0.607294/bin64
PATH: /opt/intel/vtune_profiler_2020.3.0.612611/bin64
PATH: /opt/intel/inspector_2020.3.0.604771/bin64
PATH: /opt/intel/itac/2020.3.036/intel64/bin
PATH: /opt/intel/itac/2020.3.036/intel64/bin
PATH: /opt/intel/clck/2019.10/bin/intel64
PATH: /opt/intel/compilers_and_libraries_2020.4.304/linux/bin/intel64
PATH: /opt/intel/compilers_and_libraries_2020.4.304/linux/bin
PATH: /opt/intel/compilers_and_libraries_2020.4.304/linux/mpi/intel64/libfabric/bin
PATH: /opt/intel/compilers_and_libraries_2020.4.304/linux/mpi/intel64/bin
PATH: /opt/intel/debugger_2020/gdb/intel64/bin
PATH: /home/abelardojara/.cask/bin
PATH: /home/abelardojara/.local/bin
PATH: /usr/local/sbin
PATH: /usr/local/bin
PATH: /usr/sbin
PATH: /usr/bin
PATH: /sbin
PATH: /bin
PATH: /usr/games
PATH: /usr/local/games
PATH: /snap/bin
PATH: /usr/lib/jvm/java-17-oracle/bin
PATH: /usr/lib/jvm/java-17-oracle/db/bin
PATH: /opt/puppetlabs/bin
PATH: /opt/intel/parallel_studio_xe_2020.4.912/bin
PATH: /opt/cadence/installs/EDI131/bin
PATH: /opt/intelFPGA_pro/17.1/hld/bin
PATH: /opt/bwtk/2018.6L/bin
PATH: /home/nv/bin
PATH: /home/abelardojara/node_modules/npm/bin
PATH: /opt/hadoop/current/bin
PATH: /opt/spark/current/bin
PATH: /opt/scitools/Understand/current/bin/linux64


## ----------- ##
## Core tests. ##
## ----------- ##

configure:1767: checking for a BSD-compatible install
configure:1823: result: /bin/install -c
configure:1834: checking whether build environment is sane
configure:1877: result: yes
configure:1942: checking for gawk
configure:1958: found /bin/gawk
configure:1969: result: gawk
configure:1980: checking whether make sets $(MAKE)
configure:2001: result: yes
configure:2236: checking for gcc
configure:2252: found /bin/gcc
configure:2263: result: gcc
configure:2501: checking for C compiler version
configure:2508: gcc --version >&5
gcc (Ubuntu 11.1.0-1ubuntu1~20.04) 11.1.0
Copyright (C) 2021 Free Software Foundation, Inc.
This is free software; see the source for copying conditions.  There is NO
warranty; not even for MERCHANTABILITY or FITNESS FOR A PARTICULAR PURPOSE.

configure:2511: $? = 0
configure:2518: gcc -v >&5
Using built-in specs.
COLLECT_GCC=gcc
COLLECT_LTO_WRAPPER=/usr/lib/gcc/x86_64-linux-gnu/11/lto-wrapper
OFFLOAD_TARGET_NAMES=nvptx-none:amdgcn-amdhsa
OFFLOAD_TARGET_DEFAULT=1
Target: x86_64-linux-gnu
Configured with: ../src/configure -v --with-pkgversion='Ubuntu 11.1.0-1ubuntu1~20.04' --with-bugurl=file:///usr/share/doc/gcc-11/README.Bugs --enable-languages=c,ada,c++,go,brig,d,fortran,objc,obj-c++,m2 --prefix=/usr --with-gcc-major-version-only --program-suffix=-11 --program-prefix=x86_64-linux-gnu- --enable-shared --enable-linker-build-id --libexecdir=/usr/lib --without-included-gettext --enable-threads=posix --libdir=/usr/lib --enable-nls --enable-bootstrap --enable-clocale=gnu --enable-libstdcxx-debug --enable-libstdcxx-time=yes --with-default-libstdcxx-abi=new --enable-gnu-unique-object --disable-vtable-verify --enable-plugin --enable-default-pie --with-system-zlib --enable-libphobos-checking=release --with-target-system-zlib=auto --enable-objc-gc=auto --enable-multiarch --disable-werror --disable-cet --with-arch-32=i686 --with-abi=m64 --with-multilib-list=m32,m64,mx32 --enable-multilib --with-tune=generic --enable-offload-targets=nvptx-none=/build/gcc-11-2V7zgg/gcc-11-11.1.0/debian/tmp-nvptx/usr,amdgcn-amdhsa=/build/gcc-11-2V7zgg/gcc-11-11.1.0/debian/tmp-gcn/usr --without-cuda-driver --enable-checking=release --build=x86_64-linux-gnu --host=x86_64-linux-gnu --target=x86_64-linux-gnu --with-build-config=bootstrap-lto-lean --enable-link-serialization=2
Thread model: posix
Supported LTO compression algorithms: zlib zstd
gcc version 11.1.0 (Ubuntu 11.1.0-1ubuntu1~20.04) 
configure:2521: $? = 0
configure:2528: gcc -V >&5
gcc: error: unrecognized command-line option '-V'
gcc: fatal error: no input files
compilation terminated.
configure:2531: $? = 1
configure:2554: checking for C compiler default output file name
configure:2581: gcc    conftest.c  >&5
configure:2584: $? = 0
configure:2622: result: a.out
configure:2639: checking whether the C compiler works
configure:2649: ./a.out
configure:2652: $? = 0
configure:2669: result: yes
configure:2676: checking whether we are cross compiling
configure:2678: result: no
configure:2681: checking for suffix of executables
configure:2688: gcc -o conftest    conftest.c  >&5
configure:2691: $? = 0
configure:2715: result: 
configure:2721: checking for suffix of object files
configure:2747: gcc -c   conftest.c >&5
configure:2750: $? = 0
configure:2773: result: o
configure:2777: checking whether we are using the GNU C compiler
configure:2806: gcc -c   conftest.c >&5
configure:2812: $? = 0
configure:2829: result: yes
configure:2834: checking whether gcc accepts -g
configure:2864: gcc -c -g  conftest.c >&5
configure:2870: $? = 0
configure:2969: result: yes
configure:2986: checking for gcc option to accept ISO C89
configure:3060: gcc  -c -g -O2  conftest.c >&5
configure:3066: $? = 0
configure:3089: result: none needed
configure:3118: checking for style of include used by make
configure:3146: result: GNU
configure:3174: checking dependency style of gcc
configure:3264: result: gcc3
configure:3294: checking for a BSD-compatible install
configure:3350: result: /bin/install -c
configure:3368: checking for emacs
configure:3384: found /snap/bin/emacs
configure:3395: result: emacs
configure:3419: checking where .elc files should go
configure:3432: $EMACS -batch -q -eval '(while load-path (princ (concat (car load-path) "\n")) (setq load-path (cdr load-path)))' </dev/null >conftest.out
configure:3435: $? = 0
configure:3448: result: ${datadir}/emacs/site-lisp
configure:3482: checking for xml2-config
configure:3500: found /bin/xml2-config
configure:3513: result: /bin/xml2-config
configure:3522: checking for libxml - version >= 2.6.13
configure:3634: gcc -o conftest -g -O2  -I/usr/include/libxml2  conftest.c -lxml2  >&5
conftest.c: In function 'main':
conftest.c:23:3: warning: ignoring return value of 'system' declared with attribute 'warn_unused_result' [-Wunused-result]
   23 |   system("touch conf.xmltest");
      |   ^~~~~~~~~~~~~~~~~~~~~~~~~~~~
configure:3637: $? = 0
configure:3643: ./conftest
configure:3646: $? = 0
configure:3667: result: yes (version 2.9.10)
configure:3761: checking how to run the C preprocessor
configure:3801: gcc -E  conftest.c
configure:3807: $? = 0
configure:3838: gcc -E  conftest.c
conftest.c:10:10: fatal error: ac_nonexistent.h: No such file or directory
   10 | #include <ac_nonexistent.h>
      |          ^~~~~~~~~~~~~~~~~~
compilation terminated.
configure:3844: $? = 1
configure: failed program was:
| /* confdefs.h.  */
| #define PACKAGE_NAME "doxymacs"
| #define PACKAGE_TARNAME "doxymacs"
| #define PACKAGE_VERSION "1.8.0"
| #define PACKAGE_STRING "doxymacs 1.8.0"
| #define PACKAGE_BUGREPORT "http://sourceforge.net/projects/doxymacs"
| #define PACKAGE "doxymacs"
| #define VERSION "1.8.0"
| /* end confdefs.h.  */
| #include <ac_nonexistent.h>
configure:3877: result: gcc -E
configure:3906: gcc -E  conftest.c
configure:3912: $? = 0
configure:3943: gcc -E  conftest.c
conftest.c:10:10: fatal error: ac_nonexistent.h: No such file or directory
   10 | #include <ac_nonexistent.h>
      |          ^~~~~~~~~~~~~~~~~~
compilation terminated.
configure:3949: $? = 1
configure: failed program was:
| /* confdefs.h.  */
| #define PACKAGE_NAME "doxymacs"
| #define PACKAGE_TARNAME "doxymacs"
| #define PACKAGE_VERSION "1.8.0"
| #define PACKAGE_STRING "doxymacs 1.8.0"
| #define PACKAGE_BUGREPORT "http://sourceforge.net/projects/doxymacs"
| #define PACKAGE "doxymacs"
| #define VERSION "1.8.0"
| /* end confdefs.h.  */
| #include <ac_nonexistent.h>
configure:3987: checking for grep that handles long lines and -e
configure:4061: result: /bin/grep
configure:4066: checking for egrep
configure:4144: result: /bin/grep -E
configure:4149: checking for ANSI C header files
configure:4179: gcc -c -g -O2  conftest.c >&5
configure:4185: $? = 0
configure:4284: gcc -o conftest -g -O2   conftest.c  >&5
configure:4287: $? = 0
configure:4293: ./conftest
configure:4296: $? = 0
configure:4313: result: yes
configure:4324: checking for an ANSI C-conforming const
configure:4399: gcc -c -g -O2  conftest.c >&5
configure:4405: $? = 0
configure:4420: result: yes
configure:4435: checking for strdup
configure:4491: gcc -o conftest -g -O2   conftest.c  >&5
conftest.c:34:6: warning: conflicting types for built-in function 'strdup'; expected 'char *(const char *)' [-Wbuiltin-declaration-mismatch]
   34 | char strdup ();
      |      ^~~~~~
configure:4497: $? = 0
configure:4515: result: yes
configure:4694: creating ./config.status

## ---------------------- ##
## Running config.status. ##
## ---------------------- ##

This file was extended by doxymacs config.status 1.8.0, which was
generated by GNU Autoconf 2.61.  Invocation command line was

  CONFIG_FILES    = 
  CONFIG_HEADERS  = 
  CONFIG_LINKS    = 
  CONFIG_COMMANDS = 
  $ ./config.status 

on abelardojara-Super-Server

config.status:629: creating Makefile
config.status:629: creating c/Makefile
config.status:629: creating lisp/Makefile
config.status:629: creating lisp/doxymacs.el
config.status:629: creating no-autoconf/Makefile
config.status:807: executing depfiles commands

## ---------------- ##
## Cache variables. ##
## ---------------- ##

ac_cv_c_compiler_gnu=yes
ac_cv_c_const=yes
ac_cv_env_CC_set=
ac_cv_env_CC_value=
ac_cv_env_CFLAGS_set=
ac_cv_env_CFLAGS_value=
ac_cv_env_CPPFLAGS_set=
ac_cv_env_CPPFLAGS_value=
ac_cv_env_CPP_set=
ac_cv_env_CPP_value=
ac_cv_env_EMACSLOADPATH_set=
ac_cv_env_EMACSLOADPATH_value=
ac_cv_env_EMACS_set=
ac_cv_env_EMACS_value=
ac_cv_env_LDFLAGS_set=
ac_cv_env_LDFLAGS_value=
ac_cv_env_LIBS_set=
ac_cv_env_LIBS_value=
ac_cv_env_build_alias_set=
ac_cv_env_build_alias_value=
ac_cv_env_host_alias_set=
ac_cv_env_host_alias_value=
ac_cv_env_target_alias_set=
ac_cv_env_target_alias_value=
ac_cv_func_strdup=yes
ac_cv_header_stdc=yes
ac_cv_objext=o
ac_cv_path_EGREP='/bin/grep -E'
ac_cv_path_GREP=/bin/grep
ac_cv_path_XML2_CONFIG=/bin/xml2-config
ac_cv_path_install='/bin/install -c'
ac_cv_prog_AWK=gawk
ac_cv_prog_CPP='gcc -E'
ac_cv_prog_EMACS=emacs
ac_cv_prog_ac_ct_CC=gcc
ac_cv_prog_cc_c89=
ac_cv_prog_cc_g=yes
ac_cv_prog_make_make_set=yes
am_cv_CC_dependencies_compiler_type=gcc3
am_cv_lispdir='${datadir}/emacs/site-lisp'

## ----------------- ##
## Output variables. ##
## ----------------- ##

ACLOCAL='${SHELL} /home/abelardojara/Downloads/doxymacs-1.8.0/missing --run aclocal-1.9'
AMDEPBACKSLASH='\'
AMDEP_FALSE='#'
AMDEP_TRUE=''
AMTAR='${SHELL} /home/abelardojara/Downloads/doxymacs-1.8.0/missing --run tar'
AUTOCONF='${SHELL} /home/abelardojara/Downloads/doxymacs-1.8.0/missing --run autoconf'
AUTOHEADER='${SHELL} /home/abelardojara/Downloads/doxymacs-1.8.0/missing --run autoheader'
AUTOMAKE='${SHELL} /home/abelardojara/Downloads/doxymacs-1.8.0/missing --run automake-1.9'
AWK='gawk'
CC='gcc'
CCDEPMODE='depmode=gcc3'
CFLAGS='-g -O2'
CPP='gcc -E'
CPPFLAGS=''
CYGPATH_W='echo'
DEFS='-DPACKAGE_NAME=\"doxymacs\" -DPACKAGE_TARNAME=\"doxymacs\" -DPACKAGE_VERSION=\"1.8.0\" -DPACKAGE_STRING=\"doxymacs\ 1.8.0\" -DPACKAGE_BUGREPORT=\"http://sourceforge.net/projects/doxymacs\" -DPACKAGE=\"doxymacs\" -DVERSION=\"1.8.0\" -DSTDC_HEADERS=1 -DHAVE_STRDUP=1'
DEPDIR='.deps'
DOXYMACS_DEFAULT_STYLE='JavaDoc'
DOXYMACS_PARSER='/home/abelardojara/bin/doxymacs_parser'
DOXYMACS_USE_EXTERNAL_XML_PARSER='nil'
ECHO_C=''
ECHO_N='-n'
ECHO_T=''
EGREP='/bin/grep -E'
EMACS='emacs'
EMACSLOADPATH=''
EXEEXT=''
GREP='/bin/grep'
INSTALL_DATA='${INSTALL} -m 644'
INSTALL_PROGRAM='${INSTALL}'
INSTALL_SCRIPT='${INSTALL}'
INSTALL_STRIP_PROGRAM='${SHELL} $(install_sh) -c -s'
LDFLAGS=''
LIBOBJS=''
LIBS=''
LTLIBOBJS=''
MAKEINFO='${SHELL} /home/abelardojara/Downloads/doxymacs-1.8.0/missing --run makeinfo'
OBJEXT='o'
PACKAGE='doxymacs'
PACKAGE_BUGREPORT='http://sourceforge.net/projects/doxymacs'
PACKAGE_NAME='doxymacs'
PACKAGE_STRING='doxymacs 1.8.0'
PACKAGE_TARNAME='doxymacs'
PACKAGE_VERSION='1.8.0'
PATH_SEPARATOR=':'
SET_MAKE=''
SHELL='/bin/bash'
STRIP=''
VERSION='1.8.0'
XML2_CONFIG='/bin/xml2-config'
XML_CPPFLAGS='-I/usr/include/libxml2'
XML_LIBS='-lxml2'
ac_ct_CC='gcc'
am__fastdepCC_FALSE='#'
am__fastdepCC_TRUE=''
am__include='include'
am__leading_dot='.'
am__quote=''
am__tar='${AMTAR} chof - "$$tardir"'
am__untar='${AMTAR} xf -'
bindir='${exec_prefix}/bin'
build_alias=''
datadir='${datarootdir}'
datarootdir='${prefix}/share'
docdir='${datarootdir}/doc/${PACKAGE_TARNAME}'
dvidir='${docdir}'
exec_prefix='${prefix}'
host_alias=''
htmldir='${docdir}'
includedir='${prefix}/include'
infodir='${datarootdir}/info'
install_sh='/home/abelardojara/Downloads/doxymacs-1.8.0/install-sh'
libdir='${exec_prefix}/lib'
libexecdir='${exec_prefix}/libexec'
lispdir='${datadir}/emacs/site-lisp'
localedir='${datarootdir}/locale'
localstatedir='${prefix}/var'
mandir='${datarootdir}/man'
mkdir_p='mkdir -p --'
oldincludedir='/usr/include'
pdfdir='${docdir}'
prefix='/home/abelardojara'
program_transform_name='s,x,x,'
psdir='${docdir}'
sbindir='${exec_prefix}/sbin'
sharedstatedir='${prefix}/com'
sysconfdir='${prefix}/etc'
target_alias=''

## ----------- ##
## confdefs.h. ##
## ----------- ##

#define PACKAGE_NAME "doxymacs"
#define PACKAGE_TARNAME "doxymacs"
#define PACKAGE_VERSION "1.8.0"
#define PACKAGE_STRING "doxymacs 1.8.0"
#define PACKAGE_BUGREPORT "http://sourceforge.net/projects/doxymacs"
#define PACKAGE "doxymacs"
#define VERSION "1.8.0"
#define STDC_HEADERS 1
#define HAVE_STRDUP 1

configure: exit 0
