This file contains any messages produced by compilers while
running configure, to aid debugging if configure makes a mistake.

It was created by auctex configure 11.88, which was
generated by GNU Autoconf 2.69.  Invocation command line was

  $ ./configure 

## --------- ##
## Platform. ##
## --------- ##

hostname = plxc25288
uname -m = x86_64
uname -r = 2.6.16.60-0.58.1.3835.0.PTF.638363-smp
uname -s = Linux
uname -v = #1 SMP Wed Dec 2 12:27:56 UTC 2009

/usr/bin/uname -p = unknown
/bin/uname -X     = unknown

/bin/arch              = x86_64
/usr/bin/arch -k       = unknown
/usr/convex/getsysinfo = unknown
/usr/bin/hostinfo      = unknown
/bin/machine           = unknown
/usr/bin/oslevel       = unknown
/bin/universe          = unknown

PATH: /usr/intel/pkgs/java/1.7.0.45-64/bin
PATH: /nfs/pdx/home/ajaraber/workspace/builds/emacs-24.3/src
PATH: /p/advda/utils/bin
PATH: /nfs/pdx/home/ajaraber/bin
PATH: /nfs/pdx/home/ajaraber/workspace/frametools/bin
PATH: /nfs/pdx/home/ajaraber/workspace/builds/nodejs/bin
PATH: /usr/intel/bin
PATH: /usr/bin
PATH: /bin
PATH: /usr/sbin
PATH: /sbin
PATH: /usr/bin/X11
PATH: /usr/lib/mit/bin
PATH: /usr/lib/mit/sbin
PATH: /usr/lib/qt3/bin
PATH: /usr/X11R6/bin
PATH: /opt/gnome/bin
PATH: /opt/kde3/bin
PATH: /usr/local/bin
PATH: .


## ----------- ##
## Core tests. ##
## ----------- ##

configure:1787: checking for make
configure:1803: found /usr/bin/make
configure:1814: result: make
configure:1830: checking whether make sets $(MAKE)
configure:1852: result: yes
configure:1904: checking for a BSD-compatible install
configure:1972: result: /usr/intel/bin/ginstall -c
configure:1985: checking for date in ChangeLog
configure:1992: result: 2014-12-22
configure:1994: checking for release in ChangeLog
configure:2000: result: not found, using 2014-12-22 instead
configure:2011: checking for date in ChangeLog
configure:2018: result: 2014-11-28
configure:2020: checking for release in ChangeLog
configure:2026: result: not found, using 2014-11-28 instead
configure:2080: checking for emacs
configure:2098: found /usr/intel/bin/emacs
configure:2110: result: /usr/intel/bin/emacs
configure:2126: checking if /usr/intel/bin/emacs is XEmacs
/usr/intel/bin/emacs -batch -no-site-file -eval (let* ((x (if (featurep (quote xemacs)) "yes" "no"))) (write-region (if (stringp x) x (prin1-to-string x)) nil "./conftest-18902"))
Wrote /nfs/ltdn/disks/ltdn_lvd_disk27/advda/elisp/utils/workspace/emacsfull/.emacs.d/auctex/conftest-18902
=> no
configure:2146: result: no
configure:2150: checking for Emacs prefix
/usr/intel/bin/emacs -batch -no-site-file -eval (let* ((cmd(pop command-line-args-left))(x (condition-case nil (let*
    ((prefix (directory-file-name (file-name-directory (executable-find cmd))))
     (parent (directory-file-name (file-name-directory prefix))))
    (if (string= (file-name-nondirectory prefix) "bin")
        (setq prefix parent)
      (if (string= (file-name-nondirectory parent) "bin")
         (setq prefix (directory-file-name (file-name-directory parent)))))
    prefix) (error NONE)))) (write-region (if (stringp x) x (prin1-to-string x)) nil "./conftest-18902")) /usr/intel/bin/emacs
Wrote /nfs/ltdn/disks/ltdn_lvd_disk27/advda/elisp/utils/workspace/emacsfull/.emacs.d/auctex/conftest-18902
=> /usr/intel
configure:2169: result: "/usr/intel"
configure:2199: checking if Emacs is recent enough
/usr/intel/bin/emacs -batch -no-site-file -eval (let* ((x (cond ((< emacs-major-version 21) "no")
			 ((> emacs-major-version 21) "yes")
			 ((< emacs-minor-version 01) "no")
			 (t "yes")))) (write-region (if (stringp x) x (prin1-to-string x)) nil "./conftest-18902"))
Wrote /nfs/ltdn/disks/ltdn_lvd_disk27/advda/elisp/utils/workspace/emacsfull/.emacs.d/auctex/conftest-18902
=> yes
configure:2213: result: yes
configure:2223: checking for MULE support
/usr/intel/bin/emacs -batch -eval (let* ((x (condition-case nil (require 'mule ) 	(error (prog1 nil (message "mule not found")))))) (write-region (if (stringp x) x (prin1-to-string x)) nil "./conftest-18902"))
Wrote /nfs/ltdn/disks/ltdn_lvd_disk27/advda/elisp/utils/workspace/emacsfull/.emacs.d/auctex/conftest-18902
=> mule
configure:2257: result: yes
configure:2302: checking if build directory is valid
/usr/intel/bin/emacs -batch -eval (let* ((x (if (or (member (directory-file-name default-directory) load-path)	      (member (file-name-as-directory default-directory) load-path))	 "no" "yes"))) (write-region (if (stringp x) x (prin1-to-string x)) nil "./conftest-18902"))
Wrote /nfs/ltdn/disks/ltdn_lvd_disk27/advda/elisp/utils/workspace/emacsfull/.emacs.d/auctex/conftest-18902
=> yes
configure:2318: result: yes
configure:2417: checking where lisp files go
/usr/intel/bin/emacs -batch -eval (let* ((prefix(pop command-line-args-left)) (expanded(pop command-line-args-left)) (x (catch 22
       (let (reldir (dirs load-path))
	  (dolist (name (list "emacs/site-lisp" "emacs/site-packages"
	         "site-lisp" "site-packages") "NONE")
	    (dolist (dir dirs)
	      (when (and dir
	      	         (setq dir (directory-file-name dir))
                         (file-name-absolute-p dir)
	      	         (file-directory-p dir)
	                 (not (string-match "\\`\\.\\."
                           (setq reldir (file-relative-name dir expanded))))
			 (not (file-name-absolute-p reldir))
                         (let ((name name) (dir dir))
		           (while (and dir name
		                       (string= (file-name-nondirectory dir)
		                                (file-name-nondirectory name))
                              (setq dir (file-name-directory dir)
				   name (file-name-directory name))
			      (if (and dir name)
			         (setq dir (directory-file-name dir)
			              name (directory-file-name name)))))
		            (null name))
		   (throw 22
                      (if (string= reldir ".") (directory-file-name prefix)
                        (concat (file-name-as-directory prefix)
                                reldir))))))))))) (write-region (if (stringp x) x (prin1-to-string x)) nil "./conftest-18902")) ${datadir}/emacs /usr/local/share/emacs
Wrote /nfs/ltdn/disks/ltdn_lvd_disk27/advda/elisp/utils/workspace/emacsfull/.emacs.d/auctex/conftest-18902
=> NONE
/usr/intel/bin/emacs -batch -eval (let* ((prefix(pop command-line-args-left)) (expanded(pop command-line-args-left)) (x (catch 22
       (let (reldir (dirs load-path))
	  (dolist (name (list "emacs/site-lisp" "emacs/site-packages"
	         "site-lisp" "site-packages") "NONE")
	    (dolist (dir dirs)
	      (when (and dir
	      	         (setq dir (directory-file-name dir))
                         (file-name-absolute-p dir)
	      	         (file-directory-p dir)
	                 (not (string-match "\\`\\.\\."
                           (setq reldir (file-relative-name dir expanded))))
			 (not (file-name-absolute-p reldir))
                         (let ((name name) (dir dir))
		           (while (and dir name
		                       (string= (file-name-nondirectory dir)
		                                (file-name-nondirectory name))
                              (setq dir (file-name-directory dir)
				   name (file-name-directory name))
			      (if (and dir name)
			         (setq dir (directory-file-name dir)
			              name (directory-file-name name)))))
		            (null name))
		   (throw 22
                      (if (string= reldir ".") (directory-file-name prefix)
                        (concat (file-name-as-directory prefix)
                                reldir))))))))))) (write-region (if (stringp x) x (prin1-to-string x)) nil "./conftest-18902")) ${libdir}/emacs /usr/local/lib/emacs
Wrote /nfs/ltdn/disks/ltdn_lvd_disk27/advda/elisp/utils/workspace/emacsfull/.emacs.d/auctex/conftest-18902
=> NONE
/usr/intel/bin/emacs -batch -eval (let* ((prefix(pop command-line-args-left)) (expanded(pop command-line-args-left)) (x (catch 22
       (let (reldir (dirs load-path))
	  (dolist (name (list "emacs/site-lisp" "emacs/site-packages"
	         "site-lisp" "site-packages") "NONE")
	    (dolist (dir dirs)
	      (when (and dir
	      	         (setq dir (directory-file-name dir))
                         (file-name-absolute-p dir)
	      	         (file-directory-p dir)
	                 (not (string-match "\\`\\.\\."
                           (setq reldir (file-relative-name dir expanded))))
			 (not (file-name-absolute-p reldir))
                         (let ((name name) (dir dir))
		           (while (and dir name
		                       (string= (file-name-nondirectory dir)
		                                (file-name-nondirectory name))
                              (setq dir (file-name-directory dir)
				   name (file-name-directory name))
			      (if (and dir name)
			         (setq dir (directory-file-name dir)
			              name (directory-file-name name)))))
		            (null name))
		   (throw 22
                      (if (string= reldir ".") (directory-file-name prefix)
                        (concat (file-name-as-directory prefix)
                                reldir))))))))))) (write-region (if (stringp x) x (prin1-to-string x)) nil "./conftest-18902")) /usr/intel/share/emacs /usr/intel/share/emacs
Wrote /nfs/ltdn/disks/ltdn_lvd_disk27/advda/elisp/utils/workspace/emacsfull/.emacs.d/auctex/conftest-18902
=> NONE
/usr/intel/bin/emacs -batch -eval (let* ((prefix(pop command-line-args-left)) (expanded(pop command-line-args-left)) (x (catch 22
       (let (reldir (dirs load-path))
	  (dolist (name (list "emacs/site-lisp" "emacs/site-packages"
	         "site-lisp" "site-packages") "NONE")
	    (dolist (dir dirs)
	      (when (and dir
	      	         (setq dir (directory-file-name dir))
                         (file-name-absolute-p dir)
	      	         (file-directory-p dir)
	                 (not (string-match "\\`\\.\\."
                           (setq reldir (file-relative-name dir expanded))))
			 (not (file-name-absolute-p reldir))
                         (let ((name name) (dir dir))
		           (while (and dir name
		                       (string= (file-name-nondirectory dir)
		                                (file-name-nondirectory name))
                              (setq dir (file-name-directory dir)
				   name (file-name-directory name))
			      (if (and dir name)
			         (setq dir (directory-file-name dir)
			              name (directory-file-name name)))))
		            (null name))
		   (throw 22
                      (if (string= reldir ".") (directory-file-name prefix)
                        (concat (file-name-as-directory prefix)
                                reldir))))))))))) (write-region (if (stringp x) x (prin1-to-string x)) nil "./conftest-18902")) ${datadir} /usr/local/share
Wrote /nfs/ltdn/disks/ltdn_lvd_disk27/advda/elisp/utils/workspace/emacsfull/.emacs.d/auctex/conftest-18902
=> NONE
/usr/intel/bin/emacs -batch -eval (let* ((prefix(pop command-line-args-left)) (expanded(pop command-line-args-left)) (x (catch 22
       (let (reldir (dirs load-path))
	  (dolist (name (list "emacs/site-lisp" "emacs/site-packages"
	         "site-lisp" "site-packages") "NONE")
	    (dolist (dir dirs)
	      (when (and dir
	      	         (setq dir (directory-file-name dir))
                         (file-name-absolute-p dir)
	      	         (file-directory-p dir)
	                 (not (string-match "\\`\\.\\."
                           (setq reldir (file-relative-name dir expanded))))
			 (not (file-name-absolute-p reldir))
                         (let ((name name) (dir dir))
		           (while (and dir name
		                       (string= (file-name-nondirectory dir)
		                                (file-name-nondirectory name))
                              (setq dir (file-name-directory dir)
				   name (file-name-directory name))
			      (if (and dir name)
			         (setq dir (directory-file-name dir)
			              name (directory-file-name name)))))
		            (null name))
		   (throw 22
                      (if (string= reldir ".") (directory-file-name prefix)
                        (concat (file-name-as-directory prefix)
                                reldir))))))))))) (write-region (if (stringp x) x (prin1-to-string x)) nil "./conftest-18902")) ${libdir} /usr/local/lib
Wrote /nfs/ltdn/disks/ltdn_lvd_disk27/advda/elisp/utils/workspace/emacsfull/.emacs.d/auctex/conftest-18902
=> NONE
/usr/intel/bin/emacs -batch -eval (let* ((prefix(pop command-line-args-left)) (expanded(pop command-line-args-left)) (x (catch 22
       (let (reldir (dirs load-path))
	  (dolist (name (list "emacs/site-lisp" "emacs/site-packages"
	         "site-lisp" "site-packages") "NONE")
	    (dolist (dir dirs)
	      (when (and dir
	      	         (setq dir (directory-file-name dir))
                         (file-name-absolute-p dir)
	      	         (file-directory-p dir)
	                 (not (string-match "\\`\\.\\."
                           (setq reldir (file-relative-name dir expanded))))
			 (not (file-name-absolute-p reldir))
                         (let ((name name) (dir dir))
		           (while (and dir name
		                       (string= (file-name-nondirectory dir)
		                                (file-name-nondirectory name))
                              (setq dir (file-name-directory dir)
				   name (file-name-directory name))
			      (if (and dir name)
			         (setq dir (directory-file-name dir)
			              name (directory-file-name name)))))
		            (null name))
		   (throw 22
                      (if (string= reldir ".") (directory-file-name prefix)
                        (concat (file-name-as-directory prefix)
                                reldir))))))))))) (write-region (if (stringp x) x (prin1-to-string x)) nil "./conftest-18902")) /usr/intel /usr/intel
Wrote /nfs/ltdn/disks/ltdn_lvd_disk27/advda/elisp/utils/workspace/emacsfull/.emacs.d/auctex/conftest-18902
=> /usr/intel/pkgs/emacs/24.2/share/emacs/site-lisp
configure:2489: result: /usr/intel/pkgs/emacs/24.2/share/emacs/site-lisp
configure:2493: checking what file to use for auctex startup
configure:2520: result: /usr/intel/pkgs/emacs/24.2/share/emacs/site-lisp/auctex.el
configure:2523: checking what file to use for preview startup
configure:2550: result: /usr/intel/pkgs/emacs/24.2/share/emacs/site-lisp/preview-latex.el
configure:2572: checking where the package lisp files go
/usr/intel/bin/emacs -batch -no-site-file -eval (let* ((path(pop command-line-args-left)) (lispdir(pop command-line-args-left)) (startup(pop command-line-args-left)) (target(pop command-line-args-left))(x (progn (setq path (directory-file-name path))
  (if (or target
          (not (string= (car load-path) (directory-file-name (car load-path)))))
    (setq path (file-name-as-directory path)))
  (setq path (expand-file-name path lispdir))
  (setq startupdir (file-name-directory (expand-file-name startup lispdir)))
  (prin1-to-string
    (if (or (string-match "\\`\\.\\."
              (setq relname (file-relative-name startupdir lispdir)))
            (file-name-absolute-p relname)
	    (string-match "\\`\\.\\."
              (setq relname (file-relative-name path lispdir)))
 	    (file-name-absolute-p relname))
	  (concat path target)
	(cond (target
	       `(expand-file-name
                   ,(file-relative-name (concat path target) startupdir)
	           (file-name-directory load-file-name)))
              ((string= path startupdir)
	         '(file-name-directory load-file-name))
	      ((string= path (directory-file-name startupdir))
                 '(directory-file-name (file-name-directory load-file-name)))
              (t
	       `(expand-file-name
                   ,(file-relative-name path startupdir)
	           (file-name-directory load-file-name))))))))) (write-region (if (stringp x) x (prin1-to-string x)) nil "./conftest-18902")) /usr/intel/pkgs/emacs/24.2/share/emacs/site-lisp/auctex /usr/intel/pkgs/emacs/24.2/share/emacs/site-lisp /usr/intel/pkgs/emacs/24.2/share/emacs/site-lisp/tex-site.el
Wrote /nfs/ltdn/disks/ltdn_lvd_disk27/advda/elisp/utils/workspace/emacsfull/.emacs.d/auctex/conftest-18902
=> (expand-file-name "auctex" (file-name-directory load-file-name))
configure:2653: result: /usr/intel/pkgs/emacs/24.2/share/emacs/site-lisp/auctex
configure:2656: checking where the data files go
/usr/intel/bin/emacs -batch -no-site-file -eval (let* ((path(pop command-line-args-left)) (lispdir(pop command-line-args-left)) (startup(pop command-line-args-left)) (target(pop command-line-args-left))(x (progn (setq path (directory-file-name path))
  (if (or target
          (not (string= (car load-path) (directory-file-name (car load-path)))))
    (setq path (file-name-as-directory path)))
  (setq path (expand-file-name path lispdir))
  (setq startupdir (file-name-directory (expand-file-name startup lispdir)))
  (prin1-to-string
    (if (or (string-match "\\`\\.\\."
              (setq relname (file-relative-name startupdir lispdir)))
            (file-name-absolute-p relname)
	    (string-match "\\`\\.\\."
              (setq relname (file-relative-name path lispdir)))
 	    (file-name-absolute-p relname))
	  (concat path target)
	(cond (target
	       `(expand-file-name
                   ,(file-relative-name (concat path target) startupdir)
	           (file-name-directory load-file-name)))
              ((string= path startupdir)
	         '(file-name-directory load-file-name))
	      ((string= path (directory-file-name startupdir))
                 '(directory-file-name (file-name-directory load-file-name)))
              (t
	       `(expand-file-name
                   ,(file-relative-name path startupdir)
	           (file-name-directory load-file-name))))))))) (write-region (if (stringp x) x (prin1-to-string x)) nil "./conftest-18902")) /usr/intel/pkgs/emacs/24.2/share/emacs/site-lisp/auctex /usr/intel/pkgs/emacs/24.2/share/emacs/site-lisp /usr/intel/pkgs/emacs/24.2/share/emacs/site-lisp/tex-site.el
Wrote /nfs/ltdn/disks/ltdn_lvd_disk27/advda/elisp/utils/workspace/emacsfull/.emacs.d/auctex/conftest-18902
=> (expand-file-name "auctex" (file-name-directory load-file-name))
configure:2737: result: /usr/intel/pkgs/emacs/24.2/share/emacs/site-lisp/auctex
/usr/intel/bin/emacs -batch -no-site-file -eval (let* ((path(pop command-line-args-left)) (lispdir(pop command-line-args-left)) (startup(pop command-line-args-left)) (target(pop command-line-args-left))(x (progn (setq path (directory-file-name path))
  (if (or target
          (not (string= (car load-path) (directory-file-name (car load-path)))))
    (setq path (file-name-as-directory path)))
  (setq path (expand-file-name path lispdir))
  (setq startupdir (file-name-directory (expand-file-name startup lispdir)))
  (prin1-to-string
    (if (or (string-match "\\`\\.\\."
              (setq relname (file-relative-name startupdir lispdir)))
            (file-name-absolute-p relname)
	    (string-match "\\`\\.\\."
              (setq relname (file-relative-name path lispdir)))
 	    (file-name-absolute-p relname))
	  (concat path target)
	(cond (target
	       `(expand-file-name
                   ,(file-relative-name (concat path target) startupdir)
	           (file-name-directory load-file-name)))
              ((string= path startupdir)
	         '(file-name-directory load-file-name))
	      ((string= path (directory-file-name startupdir))
                 '(directory-file-name (file-name-directory load-file-name)))
              (t
	       `(expand-file-name
                   ,(file-relative-name path startupdir)
	           (file-name-directory load-file-name))))))))) (write-region (if (stringp x) x (prin1-to-string x)) nil "./conftest-18902"))  /usr/intel/pkgs/emacs/24.2/share/emacs/site-lisp /usr/intel/pkgs/emacs/24.2/share/emacs/site-lisp/auctex.el tex-site.el
Wrote /nfs/ltdn/disks/ltdn_lvd_disk27/advda/elisp/utils/workspace/emacsfull/.emacs.d/auctex/conftest-18902
=> (expand-file-name "tex-site.el" (file-name-directory load-file-name))
configure:2814: checking where the info files go
configure:2816: result: ${datarootdir}/info
configure:2827: checking where automatically generated global style hooks go
configure:2837: result: ${localstatedir}/auctex
/usr/intel/bin/emacs -batch -no-site-file -eval (let* ((path(pop command-line-args-left)) (lispdir(pop command-line-args-left)) (startup(pop command-line-args-left)) (target(pop command-line-args-left))(x (progn (setq path (directory-file-name path))
  (if (or target
          (not (string= (car load-path) (directory-file-name (car load-path)))))
    (setq path (file-name-as-directory path)))
  (setq path (expand-file-name path lispdir))
  (setq startupdir (file-name-directory (expand-file-name startup lispdir)))
  (prin1-to-string
    (if (or (string-match "\\`\\.\\."
              (setq relname (file-relative-name startupdir lispdir)))
            (file-name-absolute-p relname)
	    (string-match "\\`\\.\\."
              (setq relname (file-relative-name path lispdir)))
 	    (file-name-absolute-p relname))
	  (concat path target)
	(cond (target
	       `(expand-file-name
                   ,(file-relative-name (concat path target) startupdir)
	           (file-name-directory load-file-name)))
              ((string= path startupdir)
	         '(file-name-directory load-file-name))
	      ((string= path (directory-file-name startupdir))
                 '(directory-file-name (file-name-directory load-file-name)))
              (t
	       `(expand-file-name
                   ,(file-relative-name path startupdir)
	           (file-name-directory load-file-name))))))))) (write-region (if (stringp x) x (prin1-to-string x)) nil "./conftest-18902")) /usr/local/var/auctex /usr/intel/pkgs/emacs/24.2/share/emacs/site-lisp /usr/intel/pkgs/emacs/24.2/share/emacs/site-lisp/tex-site.el
Wrote /nfs/ltdn/disks/ltdn_lvd_disk27/advda/elisp/utils/workspace/emacsfull/.emacs.d/auctex/conftest-18902
=> "/usr/local/var/auctex"
configure:2917: checking for tex
configure:2935: found /usr/intel/bin/tex
configure:2948: result: /usr/intel/bin/tex
configure:2958: checking for pdftex
configure:2976: found /usr/intel/bin/pdftex
configure:2989: result: /usr/intel/bin/pdftex
configure:2999: checking for dvips
configure:3017: found /usr/intel/bin/dvips
configure:3030: result: /usr/intel/bin/dvips
configure:3047: checking for gs
configure:3063: found /usr/intel/bin/gs
configure:3074: result: gs
/usr/intel/bin/emacs -batch -no-site-file -eval (let* ((dir(pop command-line-args-left))(x (if (member dir (list "NONE" (if (eq system-type 'windows-nt) "GSWIN32C.EXE" "gs"))) "" `(defvar preview-gs-command ,dir)))) (write-region (if (stringp x) x (prin1-to-string x)) nil "./conftest-18902")) gs
Wrote /nfs/ltdn/disks/ltdn_lvd_disk27/advda/elisp/utils/workspace/emacsfull/.emacs.d/auctex/conftest-18902
=> 
configure:3102: checking for latex
configure:3120: found /usr/intel/bin/latex
configure:3133: result: /usr/intel/bin/latex
configure:3149: checking for pdflatex
configure:3167: found /usr/intel/bin/pdflatex
configure:3179: result: /usr/intel/bin/pdflatex
configure:3198: checking for tex
configure:3229: result: /usr/intel/bin/tex
configure:3333: checking for prefix from kpsepath
/usr/intel/bin/emacs -batch -no-site-file -eval (let* ((cmd(pop command-line-args-left))(x (condition-case nil (let*
    ((prefix (directory-file-name (file-name-directory (executable-find cmd))))
     (parent (directory-file-name (file-name-directory prefix))))
    (if (string= (file-name-nondirectory prefix) "bin")
        (setq prefix parent)
      (if (string= (file-name-nondirectory parent) "bin")
         (setq prefix (directory-file-name (file-name-directory parent)))))
    prefix) (error NONE)))) (write-region (if (stringp x) x (prin1-to-string x)) nil "./conftest-18902")) kpsepath
Wrote /nfs/ltdn/disks/ltdn_lvd_disk27/advda/elisp/utils/workspace/emacsfull/.emacs.d/auctex/conftest-18902
=> /usr/intel
configure:3357: result: "/usr/intel"
configure:3360: checking for TDS-compliant directory
/usr/intel/bin/emacs -batch -no-site-file -eval (let* ((prefix(pop command-line-args-left)) (expanded(pop command-line-args-left)) (pathoutput(pop command-line-args-left))(x (catch 22
       (let (reldir (dirs (mapcar (lambda(x)
              (and (string-match "\\`!*\\(.*\\)/tex/latex//+\\'" x)
	           (match-string 1 x)))
      (append (split-string pathoutput ";")
             (split-string pathoutput ":")))))
	  (dolist (name (list nil) "NONE")
	    (dolist (dir dirs)
	      (when (and dir
	      	         (setq dir (directory-file-name dir))
                         (file-name-absolute-p dir)
	      	         (file-directory-p dir)
	                 (not (string-match "\\`\\.\\."
                           (setq reldir (file-relative-name dir expanded))))
			 (not (file-name-absolute-p reldir))
                         (let ((name name) (dir dir))
		           (while (and dir name
		                       (string= (file-name-nondirectory dir)
		                                (file-name-nondirectory name))
                              (setq dir (file-name-directory dir)
				   name (file-name-directory name))
			      (if (and dir name)
			         (setq dir (directory-file-name dir)
			              name (directory-file-name name)))))
		            (null name))
		   (throw 22
                      (if (string= reldir ".") (directory-file-name prefix)
                        (concat (file-name-as-directory prefix)
                                reldir))))))))))) (write-region (if (stringp x) x (prin1-to-string x)) nil "./conftest-18902")) ${datadir}/texmf /usr/local/share/texmf .:!!/nfs/pdx/home/ajaraber/.texmf-config/tex/latex//:!!/nfs/pdx/home/ajaraber/.texmf-var/tex/latex//:/nfs/pdx/home/ajaraber/texmf/tex/latex//:!!/usr/intel/pkgs/teTeX/3.0/share/texmf-config/tex/latex//:!!/usr/intel/pkgs/teTeX/3.0/share/texmf-var/tex/latex//:!!/usr/intel/pkgs/teTeX/3.0/share/texmf/tex/latex//:!!/usr/intel/pkgs/teTeX/3.0/share/texmf-local/tex/latex//:!!/usr/intel/pkgs/teTeX/3.0/share/texmf-dist/tex/latex//:!!/nfs/pdx/home/ajaraber/.texmf-config/tex/generic//:!!/nfs/pdx/home/ajaraber/.texmf-var/tex/generic//:/nfs/pdx/home/ajaraber/texmf/tex/generic//:!!/usr/intel/pkgs/teTeX/3.0/share/texmf-config/tex/generic//:!!/usr/intel/pkgs/teTeX/3.0/share/texmf-var/tex/generic//:!!/usr/intel/pkgs/teTeX/3.0/share/texmf/tex/generic//:!!/usr/intel/pkgs/teTeX/3.0/share/texmf-local/tex/generic//:!!/usr/intel/pkgs/teTeX/3.0/share/texmf-dist/tex/generic//:!!/nfs/pdx/home/ajaraber/.texmf-config/tex///:!!/nfs/pdx/home/ajaraber/.texmf-var/tex///:/nfs/pdx/home/ajaraber/texmf/tex///:!!/usr/intel/pkgs/teTeX/3.0/share/texmf-config/tex///:!!/usr/intel/pkgs/teTeX/3.0/share/texmf-var/tex///:!!/usr/intel/pkgs/teTeX/3.0/share/texmf/tex///:!!/usr/intel/pkgs/teTeX/3.0/share/texmf-local/tex///:!!/usr/intel/pkgs/teTeX/3.0/share/texmf-dist/tex///:/nfs/pdx/home/ajaraber/.TeX:/usr/share/doc/.TeX:/usr/doc/.TeX
Wrote /nfs/ltdn/disks/ltdn_lvd_disk27/advda/elisp/utils/workspace/emacsfull/.emacs.d/auctex/conftest-18902
=> NONE
/usr/intel/bin/emacs -batch -no-site-file -eval (let* ((prefix(pop command-line-args-left)) (expanded(pop command-line-args-left)) (pathoutput(pop command-line-args-left))(x (catch 22
       (let (reldir (dirs (mapcar (lambda(x)
              (and (string-match "\\`!*\\(.*\\)/tex/latex//+\\'" x)
	           (match-string 1 x)))
      (append (split-string pathoutput ";")
             (split-string pathoutput ":")))))
	  (dolist (name (list nil) "NONE")
	    (dolist (dir dirs)
	      (when (and dir
	      	         (setq dir (directory-file-name dir))
                         (file-name-absolute-p dir)
	      	         (file-directory-p dir)
	                 (not (string-match "\\`\\.\\."
                           (setq reldir (file-relative-name dir expanded))))
			 (not (file-name-absolute-p reldir))
                         (let ((name name) (dir dir))
		           (while (and dir name
		                       (string= (file-name-nondirectory dir)
		                                (file-name-nondirectory name))
                              (setq dir (file-name-directory dir)
				   name (file-name-directory name))
			      (if (and dir name)
			         (setq dir (directory-file-name dir)
			              name (directory-file-name name)))))
		            (null name))
		   (throw 22
                      (if (string= reldir ".") (directory-file-name prefix)
                        (concat (file-name-as-directory prefix)
                                reldir))))))))))) (write-region (if (stringp x) x (prin1-to-string x)) nil "./conftest-18902")) /usr/intel/share/texmf-local /usr/intel/share/texmf-local .:!!/nfs/pdx/home/ajaraber/.texmf-config/tex/latex//:!!/nfs/pdx/home/ajaraber/.texmf-var/tex/latex//:/nfs/pdx/home/ajaraber/texmf/tex/latex//:!!/usr/intel/pkgs/teTeX/3.0/share/texmf-config/tex/latex//:!!/usr/intel/pkgs/teTeX/3.0/share/texmf-var/tex/latex//:!!/usr/intel/pkgs/teTeX/3.0/share/texmf/tex/latex//:!!/usr/intel/pkgs/teTeX/3.0/share/texmf-local/tex/latex//:!!/usr/intel/pkgs/teTeX/3.0/share/texmf-dist/tex/latex//:!!/nfs/pdx/home/ajaraber/.texmf-config/tex/generic//:!!/nfs/pdx/home/ajaraber/.texmf-var/tex/generic//:/nfs/pdx/home/ajaraber/texmf/tex/generic//:!!/usr/intel/pkgs/teTeX/3.0/share/texmf-config/tex/generic//:!!/usr/intel/pkgs/teTeX/3.0/share/texmf-var/tex/generic//:!!/usr/intel/pkgs/teTeX/3.0/share/texmf/tex/generic//:!!/usr/intel/pkgs/teTeX/3.0/share/texmf-local/tex/generic//:!!/usr/intel/pkgs/teTeX/3.0/share/texmf-dist/tex/generic//:!!/nfs/pdx/home/ajaraber/.texmf-config/tex///:!!/nfs/pdx/home/ajaraber/.texmf-var/tex///:/nfs/pdx/home/ajaraber/texmf/tex///:!!/usr/intel/pkgs/teTeX/3.0/share/texmf-config/tex///:!!/usr/intel/pkgs/teTeX/3.0/share/texmf-var/tex///:!!/usr/intel/pkgs/teTeX/3.0/share/texmf/tex///:!!/usr/intel/pkgs/teTeX/3.0/share/texmf-local/tex///:!!/usr/intel/pkgs/teTeX/3.0/share/texmf-dist/tex///:/nfs/pdx/home/ajaraber/.TeX:/usr/share/doc/.TeX:/usr/doc/.TeX
Wrote /nfs/ltdn/disks/ltdn_lvd_disk27/advda/elisp/utils/workspace/emacsfull/.emacs.d/auctex/conftest-18902
=> NONE
/usr/intel/bin/emacs -batch -no-site-file -eval (let* ((prefix(pop command-line-args-left)) (expanded(pop command-line-args-left)) (pathoutput(pop command-line-args-left))(x (catch 22
       (let (reldir (dirs (mapcar (lambda(x)
              (and (string-match "\\`!*\\(.*\\)/tex/latex//+\\'" x)
	           (match-string 1 x)))
      (append (split-string pathoutput ";")
             (split-string pathoutput ":")))))
	  (dolist (name (list nil) "NONE")
	    (dolist (dir dirs)
	      (when (and dir
	      	         (setq dir (directory-file-name dir))
                         (file-name-absolute-p dir)
	      	         (file-directory-p dir)
	                 (not (string-match "\\`\\.\\."
                           (setq reldir (file-relative-name dir expanded))))
			 (not (file-name-absolute-p reldir))
                         (let ((name name) (dir dir))
		           (while (and dir name
		                       (string= (file-name-nondirectory dir)
		                                (file-name-nondirectory name))
                              (setq dir (file-name-directory dir)
				   name (file-name-directory name))
			      (if (and dir name)
			         (setq dir (directory-file-name dir)
			              name (directory-file-name name)))))
		            (null name))
		   (throw 22
                      (if (string= reldir ".") (directory-file-name prefix)
                        (concat (file-name-as-directory prefix)
                                reldir))))))))))) (write-region (if (stringp x) x (prin1-to-string x)) nil "./conftest-18902")) /usr/intel/share/texmf /usr/intel/share/texmf .:!!/nfs/pdx/home/ajaraber/.texmf-config/tex/latex//:!!/nfs/pdx/home/ajaraber/.texmf-var/tex/latex//:/nfs/pdx/home/ajaraber/texmf/tex/latex//:!!/usr/intel/pkgs/teTeX/3.0/share/texmf-config/tex/latex//:!!/usr/intel/pkgs/teTeX/3.0/share/texmf-var/tex/latex//:!!/usr/intel/pkgs/teTeX/3.0/share/texmf/tex/latex//:!!/usr/intel/pkgs/teTeX/3.0/share/texmf-local/tex/latex//:!!/usr/intel/pkgs/teTeX/3.0/share/texmf-dist/tex/latex//:!!/nfs/pdx/home/ajaraber/.texmf-config/tex/generic//:!!/nfs/pdx/home/ajaraber/.texmf-var/tex/generic//:/nfs/pdx/home/ajaraber/texmf/tex/generic//:!!/usr/intel/pkgs/teTeX/3.0/share/texmf-config/tex/generic//:!!/usr/intel/pkgs/teTeX/3.0/share/texmf-var/tex/generic//:!!/usr/intel/pkgs/teTeX/3.0/share/texmf/tex/generic//:!!/usr/intel/pkgs/teTeX/3.0/share/texmf-local/tex/generic//:!!/usr/intel/pkgs/teTeX/3.0/share/texmf-dist/tex/generic//:!!/nfs/pdx/home/ajaraber/.texmf-config/tex///:!!/nfs/pdx/home/ajaraber/.texmf-var/tex///:/nfs/pdx/home/ajaraber/texmf/tex///:!!/usr/intel/pkgs/teTeX/3.0/share/texmf-config/tex///:!!/usr/intel/pkgs/teTeX/3.0/share/texmf-var/tex///:!!/usr/intel/pkgs/teTeX/3.0/share/texmf/tex///:!!/usr/intel/pkgs/teTeX/3.0/share/texmf-local/tex///:!!/usr/intel/pkgs/teTeX/3.0/share/texmf-dist/tex///:/nfs/pdx/home/ajaraber/.TeX:/usr/share/doc/.TeX:/usr/doc/.TeX
Wrote /nfs/ltdn/disks/ltdn_lvd_disk27/advda/elisp/utils/workspace/emacsfull/.emacs.d/auctex/conftest-18902
=> NONE
/usr/intel/bin/emacs -batch -no-site-file -eval (let* ((prefix(pop command-line-args-left)) (expanded(pop command-line-args-left)) (pathoutput(pop command-line-args-left))(x (catch 22
       (let (reldir (dirs (mapcar (lambda(x)
              (and (string-match "\\`!*\\(.*\\)/tex/latex//+\\'" x)
	           (match-string 1 x)))
      (append (split-string pathoutput ";")
             (split-string pathoutput ":")))))
	  (dolist (name (list nil) "NONE")
	    (dolist (dir dirs)
	      (when (and dir
	      	         (setq dir (directory-file-name dir))
                         (file-name-absolute-p dir)
	      	         (file-directory-p dir)
	                 (not (string-match "\\`\\.\\."
                           (setq reldir (file-relative-name dir expanded))))
			 (not (file-name-absolute-p reldir))
                         (let ((name name) (dir dir))
		           (while (and dir name
		                       (string= (file-name-nondirectory dir)
		                                (file-name-nondirectory name))
                              (setq dir (file-name-directory dir)
				   name (file-name-directory name))
			      (if (and dir name)
			         (setq dir (directory-file-name dir)
			              name (directory-file-name name)))))
		            (null name))
		   (throw 22
                      (if (string= reldir ".") (directory-file-name prefix)
                        (concat (file-name-as-directory prefix)
                                reldir))))))))))) (write-region (if (stringp x) x (prin1-to-string x)) nil "./conftest-18902")) /usr/intel/texmf-local /usr/intel/texmf-local .:!!/nfs/pdx/home/ajaraber/.texmf-config/tex/latex//:!!/nfs/pdx/home/ajaraber/.texmf-var/tex/latex//:/nfs/pdx/home/ajaraber/texmf/tex/latex//:!!/usr/intel/pkgs/teTeX/3.0/share/texmf-config/tex/latex//:!!/usr/intel/pkgs/teTeX/3.0/share/texmf-var/tex/latex//:!!/usr/intel/pkgs/teTeX/3.0/share/texmf/tex/latex//:!!/usr/intel/pkgs/teTeX/3.0/share/texmf-local/tex/latex//:!!/usr/intel/pkgs/teTeX/3.0/share/texmf-dist/tex/latex//:!!/nfs/pdx/home/ajaraber/.texmf-config/tex/generic//:!!/nfs/pdx/home/ajaraber/.texmf-var/tex/generic//:/nfs/pdx/home/ajaraber/texmf/tex/generic//:!!/usr/intel/pkgs/teTeX/3.0/share/texmf-config/tex/generic//:!!/usr/intel/pkgs/teTeX/3.0/share/texmf-var/tex/generic//:!!/usr/intel/pkgs/teTeX/3.0/share/texmf/tex/generic//:!!/usr/intel/pkgs/teTeX/3.0/share/texmf-local/tex/generic//:!!/usr/intel/pkgs/teTeX/3.0/share/texmf-dist/tex/generic//:!!/nfs/pdx/home/ajaraber/.texmf-config/tex///:!!/nfs/pdx/home/ajaraber/.texmf-var/tex///:/nfs/pdx/home/ajaraber/texmf/tex///:!!/usr/intel/pkgs/teTeX/3.0/share/texmf-config/tex///:!!/usr/intel/pkgs/teTeX/3.0/share/texmf-var/tex///:!!/usr/intel/pkgs/teTeX/3.0/share/texmf/tex///:!!/usr/intel/pkgs/teTeX/3.0/share/texmf-local/tex///:!!/usr/intel/pkgs/teTeX/3.0/share/texmf-dist/tex///:/nfs/pdx/home/ajaraber/.TeX:/usr/share/doc/.TeX:/usr/doc/.TeX
Wrote /nfs/ltdn/disks/ltdn_lvd_disk27/advda/elisp/utils/workspace/emacsfull/.emacs.d/auctex/conftest-18902
=> NONE
/usr/intel/bin/emacs -batch -no-site-file -eval (let* ((prefix(pop command-line-args-left)) (expanded(pop command-line-args-left)) (pathoutput(pop command-line-args-left))(x (catch 22
       (let (reldir (dirs (mapcar (lambda(x)
              (and (string-match "\\`!*\\(.*\\)/tex/latex//+\\'" x)
	           (match-string 1 x)))
      (append (split-string pathoutput ";")
             (split-string pathoutput ":")))))
	  (dolist (name (list nil) "NONE")
	    (dolist (dir dirs)
	      (when (and dir
	      	         (setq dir (directory-file-name dir))
                         (file-name-absolute-p dir)
	      	         (file-directory-p dir)
	                 (not (string-match "\\`\\.\\."
                           (setq reldir (file-relative-name dir expanded))))
			 (not (file-name-absolute-p reldir))
                         (let ((name name) (dir dir))
		           (while (and dir name
		                       (string= (file-name-nondirectory dir)
		                                (file-name-nondirectory name))
                              (setq dir (file-name-directory dir)
				   name (file-name-directory name))
			      (if (and dir name)
			         (setq dir (directory-file-name dir)
			              name (directory-file-name name)))))
		            (null name))
		   (throw 22
                      (if (string= reldir ".") (directory-file-name prefix)
                        (concat (file-name-as-directory prefix)
                                reldir))))))))))) (write-region (if (stringp x) x (prin1-to-string x)) nil "./conftest-18902")) /usr/intel/texmf /usr/intel/texmf .:!!/nfs/pdx/home/ajaraber/.texmf-config/tex/latex//:!!/nfs/pdx/home/ajaraber/.texmf-var/tex/latex//:/nfs/pdx/home/ajaraber/texmf/tex/latex//:!!/usr/intel/pkgs/teTeX/3.0/share/texmf-config/tex/latex//:!!/usr/intel/pkgs/teTeX/3.0/share/texmf-var/tex/latex//:!!/usr/intel/pkgs/teTeX/3.0/share/texmf/tex/latex//:!!/usr/intel/pkgs/teTeX/3.0/share/texmf-local/tex/latex//:!!/usr/intel/pkgs/teTeX/3.0/share/texmf-dist/tex/latex//:!!/nfs/pdx/home/ajaraber/.texmf-config/tex/generic//:!!/nfs/pdx/home/ajaraber/.texmf-var/tex/generic//:/nfs/pdx/home/ajaraber/texmf/tex/generic//:!!/usr/intel/pkgs/teTeX/3.0/share/texmf-config/tex/generic//:!!/usr/intel/pkgs/teTeX/3.0/share/texmf-var/tex/generic//:!!/usr/intel/pkgs/teTeX/3.0/share/texmf/tex/generic//:!!/usr/intel/pkgs/teTeX/3.0/share/texmf-local/tex/generic//:!!/usr/intel/pkgs/teTeX/3.0/share/texmf-dist/tex/generic//:!!/nfs/pdx/home/ajaraber/.texmf-config/tex///:!!/nfs/pdx/home/ajaraber/.texmf-var/tex///:/nfs/pdx/home/ajaraber/texmf/tex///:!!/usr/intel/pkgs/teTeX/3.0/share/texmf-config/tex///:!!/usr/intel/pkgs/teTeX/3.0/share/texmf-var/tex///:!!/usr/intel/pkgs/teTeX/3.0/share/texmf/tex///:!!/usr/intel/pkgs/teTeX/3.0/share/texmf-local/tex///:!!/usr/intel/pkgs/teTeX/3.0/share/texmf-dist/tex///:/nfs/pdx/home/ajaraber/.TeX:/usr/share/doc/.TeX:/usr/doc/.TeX
Wrote /nfs/ltdn/disks/ltdn_lvd_disk27/advda/elisp/utils/workspace/emacsfull/.emacs.d/auctex/conftest-18902
=> NONE
configure:3425: result: no
configure:3427: checking for TeX directory hierarchy
/usr/intel/bin/emacs -batch -no-site-file -eval (let* ((prefix(pop command-line-args-left)) (expanded(pop command-line-args-left)) (pathoutput(pop command-line-args-left))(x (catch 22
       (let (reldir (dirs (mapcar (lambda(x)
              (and (string-match "\\`!*\\(.*[^/]\\)//+\\'" x)
	           (match-string 1 x)))
      (append (split-string pathoutput ";")
             (split-string pathoutput ":")))))
	  (dolist (name (list nil) "NONE")
	    (dolist (dir dirs)
	      (when (and dir
	      	         (setq dir (directory-file-name dir))
                         (file-name-absolute-p dir)
	      	         (file-directory-p dir)
	                 (not (string-match "\\`\\.\\."
                           (setq reldir (file-relative-name dir expanded))))
			 (not (file-name-absolute-p reldir))
                         (let ((name name) (dir dir))
		           (while (and dir name
		                       (string= (file-name-nondirectory dir)
		                                (file-name-nondirectory name))
                              (setq dir (file-name-directory dir)
				   name (file-name-directory name))
			      (if (and dir name)
			         (setq dir (directory-file-name dir)
			              name (directory-file-name name)))))
		            (null name))
		   (throw 22
                      (if (string= reldir ".") (directory-file-name prefix)
                        (concat (file-name-as-directory prefix)
                                reldir))))))))))) (write-region (if (stringp x) x (prin1-to-string x)) nil "./conftest-18902")) ${datadir}/texmf /usr/local/share/texmf .:!!/nfs/pdx/home/ajaraber/.texmf-config/tex/latex//:!!/nfs/pdx/home/ajaraber/.texmf-var/tex/latex//:/nfs/pdx/home/ajaraber/texmf/tex/latex//:!!/usr/intel/pkgs/teTeX/3.0/share/texmf-config/tex/latex//:!!/usr/intel/pkgs/teTeX/3.0/share/texmf-var/tex/latex//:!!/usr/intel/pkgs/teTeX/3.0/share/texmf/tex/latex//:!!/usr/intel/pkgs/teTeX/3.0/share/texmf-local/tex/latex//:!!/usr/intel/pkgs/teTeX/3.0/share/texmf-dist/tex/latex//:!!/nfs/pdx/home/ajaraber/.texmf-config/tex/generic//:!!/nfs/pdx/home/ajaraber/.texmf-var/tex/generic//:/nfs/pdx/home/ajaraber/texmf/tex/generic//:!!/usr/intel/pkgs/teTeX/3.0/share/texmf-config/tex/generic//:!!/usr/intel/pkgs/teTeX/3.0/share/texmf-var/tex/generic//:!!/usr/intel/pkgs/teTeX/3.0/share/texmf/tex/generic//:!!/usr/intel/pkgs/teTeX/3.0/share/texmf-local/tex/generic//:!!/usr/intel/pkgs/teTeX/3.0/share/texmf-dist/tex/generic//:!!/nfs/pdx/home/ajaraber/.texmf-config/tex///:!!/nfs/pdx/home/ajaraber/.texmf-var/tex///:/nfs/pdx/home/ajaraber/texmf/tex///:!!/usr/intel/pkgs/teTeX/3.0/share/texmf-config/tex///:!!/usr/intel/pkgs/teTeX/3.0/share/texmf-var/tex///:!!/usr/intel/pkgs/teTeX/3.0/share/texmf/tex///:!!/usr/intel/pkgs/teTeX/3.0/share/texmf-local/tex///:!!/usr/intel/pkgs/teTeX/3.0/share/texmf-dist/tex///:/nfs/pdx/home/ajaraber/.TeX:/usr/share/doc/.TeX:/usr/doc/.TeX
Wrote /nfs/ltdn/disks/ltdn_lvd_disk27/advda/elisp/utils/workspace/emacsfull/.emacs.d/auctex/conftest-18902
=> NONE
/usr/intel/bin/emacs -batch -no-site-file -eval (let* ((prefix(pop command-line-args-left)) (expanded(pop command-line-args-left)) (pathoutput(pop command-line-args-left))(x (catch 22
       (let (reldir (dirs (mapcar (lambda(x)
              (and (string-match "\\`!*\\(.*[^/]\\)//+\\'" x)
	           (match-string 1 x)))
      (append (split-string pathoutput ";")
             (split-string pathoutput ":")))))
	  (dolist (name (list nil) "NONE")
	    (dolist (dir dirs)
	      (when (and dir
	      	         (setq dir (directory-file-name dir))
                         (file-name-absolute-p dir)
	      	         (file-directory-p dir)
	                 (not (string-match "\\`\\.\\."
                           (setq reldir (file-relative-name dir expanded))))
			 (not (file-name-absolute-p reldir))
                         (let ((name name) (dir dir))
		           (while (and dir name
		                       (string= (file-name-nondirectory dir)
		                                (file-name-nondirectory name))
                              (setq dir (file-name-directory dir)
				   name (file-name-directory name))
			      (if (and dir name)
			         (setq dir (directory-file-name dir)
			              name (directory-file-name name)))))
		            (null name))
		   (throw 22
                      (if (string= reldir ".") (directory-file-name prefix)
                        (concat (file-name-as-directory prefix)
                                reldir))))))))))) (write-region (if (stringp x) x (prin1-to-string x)) nil "./conftest-18902")) /usr/intel/share/texmf-local /usr/intel/share/texmf-local .:!!/nfs/pdx/home/ajaraber/.texmf-config/tex/latex//:!!/nfs/pdx/home/ajaraber/.texmf-var/tex/latex//:/nfs/pdx/home/ajaraber/texmf/tex/latex//:!!/usr/intel/pkgs/teTeX/3.0/share/texmf-config/tex/latex//:!!/usr/intel/pkgs/teTeX/3.0/share/texmf-var/tex/latex//:!!/usr/intel/pkgs/teTeX/3.0/share/texmf/tex/latex//:!!/usr/intel/pkgs/teTeX/3.0/share/texmf-local/tex/latex//:!!/usr/intel/pkgs/teTeX/3.0/share/texmf-dist/tex/latex//:!!/nfs/pdx/home/ajaraber/.texmf-config/tex/generic//:!!/nfs/pdx/home/ajaraber/.texmf-var/tex/generic//:/nfs/pdx/home/ajaraber/texmf/tex/generic//:!!/usr/intel/pkgs/teTeX/3.0/share/texmf-config/tex/generic//:!!/usr/intel/pkgs/teTeX/3.0/share/texmf-var/tex/generic//:!!/usr/intel/pkgs/teTeX/3.0/share/texmf/tex/generic//:!!/usr/intel/pkgs/teTeX/3.0/share/texmf-local/tex/generic//:!!/usr/intel/pkgs/teTeX/3.0/share/texmf-dist/tex/generic//:!!/nfs/pdx/home/ajaraber/.texmf-config/tex///:!!/nfs/pdx/home/ajaraber/.texmf-var/tex///:/nfs/pdx/home/ajaraber/texmf/tex///:!!/usr/intel/pkgs/teTeX/3.0/share/texmf-config/tex///:!!/usr/intel/pkgs/teTeX/3.0/share/texmf-var/tex///:!!/usr/intel/pkgs/teTeX/3.0/share/texmf/tex///:!!/usr/intel/pkgs/teTeX/3.0/share/texmf-local/tex///:!!/usr/intel/pkgs/teTeX/3.0/share/texmf-dist/tex///:/nfs/pdx/home/ajaraber/.TeX:/usr/share/doc/.TeX:/usr/doc/.TeX
Wrote /nfs/ltdn/disks/ltdn_lvd_disk27/advda/elisp/utils/workspace/emacsfull/.emacs.d/auctex/conftest-18902
=> NONE
/usr/intel/bin/emacs -batch -no-site-file -eval (let* ((prefix(pop command-line-args-left)) (expanded(pop command-line-args-left)) (pathoutput(pop command-line-args-left))(x (catch 22
       (let (reldir (dirs (mapcar (lambda(x)
              (and (string-match "\\`!*\\(.*[^/]\\)//+\\'" x)
	           (match-string 1 x)))
      (append (split-string pathoutput ";")
             (split-string pathoutput ":")))))
	  (dolist (name (list nil) "NONE")
	    (dolist (dir dirs)
	      (when (and dir
	      	         (setq dir (directory-file-name dir))
                         (file-name-absolute-p dir)
	      	         (file-directory-p dir)
	                 (not (string-match "\\`\\.\\."
                           (setq reldir (file-relative-name dir expanded))))
			 (not (file-name-absolute-p reldir))
                         (let ((name name) (dir dir))
		           (while (and dir name
		                       (string= (file-name-nondirectory dir)
		                                (file-name-nondirectory name))
                              (setq dir (file-name-directory dir)
				   name (file-name-directory name))
			      (if (and dir name)
			         (setq dir (directory-file-name dir)
			              name (directory-file-name name)))))
		            (null name))
		   (throw 22
                      (if (string= reldir ".") (directory-file-name prefix)
                        (concat (file-name-as-directory prefix)
                                reldir))))))))))) (write-region (if (stringp x) x (prin1-to-string x)) nil "./conftest-18902")) /usr/intel/share/texmf /usr/intel/share/texmf .:!!/nfs/pdx/home/ajaraber/.texmf-config/tex/latex//:!!/nfs/pdx/home/ajaraber/.texmf-var/tex/latex//:/nfs/pdx/home/ajaraber/texmf/tex/latex//:!!/usr/intel/pkgs/teTeX/3.0/share/texmf-config/tex/latex//:!!/usr/intel/pkgs/teTeX/3.0/share/texmf-var/tex/latex//:!!/usr/intel/pkgs/teTeX/3.0/share/texmf/tex/latex//:!!/usr/intel/pkgs/teTeX/3.0/share/texmf-local/tex/latex//:!!/usr/intel/pkgs/teTeX/3.0/share/texmf-dist/tex/latex//:!!/nfs/pdx/home/ajaraber/.texmf-config/tex/generic//:!!/nfs/pdx/home/ajaraber/.texmf-var/tex/generic//:/nfs/pdx/home/ajaraber/texmf/tex/generic//:!!/usr/intel/pkgs/teTeX/3.0/share/texmf-config/tex/generic//:!!/usr/intel/pkgs/teTeX/3.0/share/texmf-var/tex/generic//:!!/usr/intel/pkgs/teTeX/3.0/share/texmf/tex/generic//:!!/usr/intel/pkgs/teTeX/3.0/share/texmf-local/tex/generic//:!!/usr/intel/pkgs/teTeX/3.0/share/texmf-dist/tex/generic//:!!/nfs/pdx/home/ajaraber/.texmf-config/tex///:!!/nfs/pdx/home/ajaraber/.texmf-var/tex///:/nfs/pdx/home/ajaraber/texmf/tex///:!!/usr/intel/pkgs/teTeX/3.0/share/texmf-config/tex///:!!/usr/intel/pkgs/teTeX/3.0/share/texmf-var/tex///:!!/usr/intel/pkgs/teTeX/3.0/share/texmf/tex///:!!/usr/intel/pkgs/teTeX/3.0/share/texmf-local/tex///:!!/usr/intel/pkgs/teTeX/3.0/share/texmf-dist/tex///:/nfs/pdx/home/ajaraber/.TeX:/usr/share/doc/.TeX:/usr/doc/.TeX
Wrote /nfs/ltdn/disks/ltdn_lvd_disk27/advda/elisp/utils/workspace/emacsfull/.emacs.d/auctex/conftest-18902
=> NONE
/usr/intel/bin/emacs -batch -no-site-file -eval (let* ((prefix(pop command-line-args-left)) (expanded(pop command-line-args-left)) (pathoutput(pop command-line-args-left))(x (catch 22
       (let (reldir (dirs (mapcar (lambda(x)
              (and (string-match "\\`!*\\(.*[^/]\\)//+\\'" x)
	           (match-string 1 x)))
      (append (split-string pathoutput ";")
             (split-string pathoutput ":")))))
	  (dolist (name (list nil) "NONE")
	    (dolist (dir dirs)
	      (when (and dir
	      	         (setq dir (directory-file-name dir))
                         (file-name-absolute-p dir)
	      	         (file-directory-p dir)
	                 (not (string-match "\\`\\.\\."
                           (setq reldir (file-relative-name dir expanded))))
			 (not (file-name-absolute-p reldir))
                         (let ((name name) (dir dir))
		           (while (and dir name
		                       (string= (file-name-nondirectory dir)
		                                (file-name-nondirectory name))
                              (setq dir (file-name-directory dir)
				   name (file-name-directory name))
			      (if (and dir name)
			         (setq dir (directory-file-name dir)
			              name (directory-file-name name)))))
		            (null name))
		   (throw 22
                      (if (string= reldir ".") (directory-file-name prefix)
                        (concat (file-name-as-directory prefix)
                                reldir))))))))))) (write-region (if (stringp x) x (prin1-to-string x)) nil "./conftest-18902")) /usr/intel/texmf-local /usr/intel/texmf-local .:!!/nfs/pdx/home/ajaraber/.texmf-config/tex/latex//:!!/nfs/pdx/home/ajaraber/.texmf-var/tex/latex//:/nfs/pdx/home/ajaraber/texmf/tex/latex//:!!/usr/intel/pkgs/teTeX/3.0/share/texmf-config/tex/latex//:!!/usr/intel/pkgs/teTeX/3.0/share/texmf-var/tex/latex//:!!/usr/intel/pkgs/teTeX/3.0/share/texmf/tex/latex//:!!/usr/intel/pkgs/teTeX/3.0/share/texmf-local/tex/latex//:!!/usr/intel/pkgs/teTeX/3.0/share/texmf-dist/tex/latex//:!!/nfs/pdx/home/ajaraber/.texmf-config/tex/generic//:!!/nfs/pdx/home/ajaraber/.texmf-var/tex/generic//:/nfs/pdx/home/ajaraber/texmf/tex/generic//:!!/usr/intel/pkgs/teTeX/3.0/share/texmf-config/tex/generic//:!!/usr/intel/pkgs/teTeX/3.0/share/texmf-var/tex/generic//:!!/usr/intel/pkgs/teTeX/3.0/share/texmf/tex/generic//:!!/usr/intel/pkgs/teTeX/3.0/share/texmf-local/tex/generic//:!!/usr/intel/pkgs/teTeX/3.0/share/texmf-dist/tex/generic//:!!/nfs/pdx/home/ajaraber/.texmf-config/tex///:!!/nfs/pdx/home/ajaraber/.texmf-var/tex///:/nfs/pdx/home/ajaraber/texmf/tex///:!!/usr/intel/pkgs/teTeX/3.0/share/texmf-config/tex///:!!/usr/intel/pkgs/teTeX/3.0/share/texmf-var/tex///:!!/usr/intel/pkgs/teTeX/3.0/share/texmf/tex///:!!/usr/intel/pkgs/teTeX/3.0/share/texmf-local/tex///:!!/usr/intel/pkgs/teTeX/3.0/share/texmf-dist/tex///:/nfs/pdx/home/ajaraber/.TeX:/usr/share/doc/.TeX:/usr/doc/.TeX
Wrote /nfs/ltdn/disks/ltdn_lvd_disk27/advda/elisp/utils/workspace/emacsfull/.emacs.d/auctex/conftest-18902
=> NONE
/usr/intel/bin/emacs -batch -no-site-file -eval (let* ((prefix(pop command-line-args-left)) (expanded(pop command-line-args-left)) (pathoutput(pop command-line-args-left))(x (catch 22
       (let (reldir (dirs (mapcar (lambda(x)
              (and (string-match "\\`!*\\(.*[^/]\\)//+\\'" x)
	           (match-string 1 x)))
      (append (split-string pathoutput ";")
             (split-string pathoutput ":")))))
	  (dolist (name (list nil) "NONE")
	    (dolist (dir dirs)
	      (when (and dir
	      	         (setq dir (directory-file-name dir))
                         (file-name-absolute-p dir)
	      	         (file-directory-p dir)
	                 (not (string-match "\\`\\.\\."
                           (setq reldir (file-relative-name dir expanded))))
			 (not (file-name-absolute-p reldir))
                         (let ((name name) (dir dir))
		           (while (and dir name
		                       (string= (file-name-nondirectory dir)
		                                (file-name-nondirectory name))
                              (setq dir (file-name-directory dir)
				   name (file-name-directory name))
			      (if (and dir name)
			         (setq dir (directory-file-name dir)
			              name (directory-file-name name)))))
		            (null name))
		   (throw 22
                      (if (string= reldir ".") (directory-file-name prefix)
                        (concat (file-name-as-directory prefix)
                                reldir))))))))))) (write-region (if (stringp x) x (prin1-to-string x)) nil "./conftest-18902")) /usr/intel/texmf /usr/intel/texmf .:!!/nfs/pdx/home/ajaraber/.texmf-config/tex/latex//:!!/nfs/pdx/home/ajaraber/.texmf-var/tex/latex//:/nfs/pdx/home/ajaraber/texmf/tex/latex//:!!/usr/intel/pkgs/teTeX/3.0/share/texmf-config/tex/latex//:!!/usr/intel/pkgs/teTeX/3.0/share/texmf-var/tex/latex//:!!/usr/intel/pkgs/teTeX/3.0/share/texmf/tex/latex//:!!/usr/intel/pkgs/teTeX/3.0/share/texmf-local/tex/latex//:!!/usr/intel/pkgs/teTeX/3.0/share/texmf-dist/tex/latex//:!!/nfs/pdx/home/ajaraber/.texmf-config/tex/generic//:!!/nfs/pdx/home/ajaraber/.texmf-var/tex/generic//:/nfs/pdx/home/ajaraber/texmf/tex/generic//:!!/usr/intel/pkgs/teTeX/3.0/share/texmf-config/tex/generic//:!!/usr/intel/pkgs/teTeX/3.0/share/texmf-var/tex/generic//:!!/usr/intel/pkgs/teTeX/3.0/share/texmf/tex/generic//:!!/usr/intel/pkgs/teTeX/3.0/share/texmf-local/tex/generic//:!!/usr/intel/pkgs/teTeX/3.0/share/texmf-dist/tex/generic//:!!/nfs/pdx/home/ajaraber/.texmf-config/tex///:!!/nfs/pdx/home/ajaraber/.texmf-var/tex///:/nfs/pdx/home/ajaraber/texmf/tex///:!!/usr/intel/pkgs/teTeX/3.0/share/texmf-config/tex///:!!/usr/intel/pkgs/teTeX/3.0/share/texmf-var/tex///:!!/usr/intel/pkgs/teTeX/3.0/share/texmf/tex///:!!/usr/intel/pkgs/teTeX/3.0/share/texmf-local/tex///:!!/usr/intel/pkgs/teTeX/3.0/share/texmf-dist/tex///:/nfs/pdx/home/ajaraber/.TeX:/usr/share/doc/.TeX:/usr/doc/.TeX
Wrote /nfs/ltdn/disks/ltdn_lvd_disk27/advda/elisp/utils/workspace/emacsfull/.emacs.d/auctex/conftest-18902
=> NONE
/usr/intel/bin/emacs -batch -no-site-file -eval (let* ((prefix(pop command-line-args-left)) (expanded(pop command-line-args-left)) (pathoutput(pop command-line-args-left))(x (catch 22
       (let (reldir (dirs (mapcar (lambda(x)
              (and (string-match "\\`!*\\(.*[^/]\\)//+\\'" x)
	           (match-string 1 x)))
      (append (split-string pathoutput ";")
             (split-string pathoutput ":")))))
	  (dolist (name (list nil) "NONE")
	    (dolist (dir dirs)
	      (when (and dir
	      	         (setq dir (directory-file-name dir))
                         (file-name-absolute-p dir)
	      	         (file-directory-p dir)
	                 (not (string-match "\\`\\.\\."
                           (setq reldir (file-relative-name dir expanded))))
			 (not (file-name-absolute-p reldir))
                         (let ((name name) (dir dir))
		           (while (and dir name
		                       (string= (file-name-nondirectory dir)
		                                (file-name-nondirectory name))
                              (setq dir (file-name-directory dir)
				   name (file-name-directory name))
			      (if (and dir name)
			         (setq dir (directory-file-name dir)
			              name (directory-file-name name)))))
		            (null name))
		   (throw 22
                      (if (string= reldir ".") (directory-file-name prefix)
                        (concat (file-name-as-directory prefix)
                                reldir))))))))))) (write-region (if (stringp x) x (prin1-to-string x)) nil "./conftest-18902")) ${datadir} /usr/local/share .:!!/nfs/pdx/home/ajaraber/.texmf-config/tex/latex//:!!/nfs/pdx/home/ajaraber/.texmf-var/tex/latex//:/nfs/pdx/home/ajaraber/texmf/tex/latex//:!!/usr/intel/pkgs/teTeX/3.0/share/texmf-config/tex/latex//:!!/usr/intel/pkgs/teTeX/3.0/share/texmf-var/tex/latex//:!!/usr/intel/pkgs/teTeX/3.0/share/texmf/tex/latex//:!!/usr/intel/pkgs/teTeX/3.0/share/texmf-local/tex/latex//:!!/usr/intel/pkgs/teTeX/3.0/share/texmf-dist/tex/latex//:!!/nfs/pdx/home/ajaraber/.texmf-config/tex/generic//:!!/nfs/pdx/home/ajaraber/.texmf-var/tex/generic//:/nfs/pdx/home/ajaraber/texmf/tex/generic//:!!/usr/intel/pkgs/teTeX/3.0/share/texmf-config/tex/generic//:!!/usr/intel/pkgs/teTeX/3.0/share/texmf-var/tex/generic//:!!/usr/intel/pkgs/teTeX/3.0/share/texmf/tex/generic//:!!/usr/intel/pkgs/teTeX/3.0/share/texmf-local/tex/generic//:!!/usr/intel/pkgs/teTeX/3.0/share/texmf-dist/tex/generic//:!!/nfs/pdx/home/ajaraber/.texmf-config/tex///:!!/nfs/pdx/home/ajaraber/.texmf-var/tex///:/nfs/pdx/home/ajaraber/texmf/tex///:!!/usr/intel/pkgs/teTeX/3.0/share/texmf-config/tex///:!!/usr/intel/pkgs/teTeX/3.0/share/texmf-var/tex///:!!/usr/intel/pkgs/teTeX/3.0/share/texmf/tex///:!!/usr/intel/pkgs/teTeX/3.0/share/texmf-local/tex///:!!/usr/intel/pkgs/teTeX/3.0/share/texmf-dist/tex///:/nfs/pdx/home/ajaraber/.TeX:/usr/share/doc/.TeX:/usr/doc/.TeX
Wrote /nfs/ltdn/disks/ltdn_lvd_disk27/advda/elisp/utils/workspace/emacsfull/.emacs.d/auctex/conftest-18902
=> NONE
/usr/intel/bin/emacs -batch -no-site-file -eval (let* ((prefix(pop command-line-args-left)) (expanded(pop command-line-args-left)) (pathoutput(pop command-line-args-left))(x (catch 22
       (let (reldir (dirs (mapcar (lambda(x)
              (and (string-match "\\`!*\\(.*[^/]\\)//+\\'" x)
	           (match-string 1 x)))
      (append (split-string pathoutput ";")
             (split-string pathoutput ":")))))
	  (dolist (name (list nil) "NONE")
	    (dolist (dir dirs)
	      (when (and dir
	      	         (setq dir (directory-file-name dir))
                         (file-name-absolute-p dir)
	      	         (file-directory-p dir)
	                 (not (string-match "\\`\\.\\."
                           (setq reldir (file-relative-name dir expanded))))
			 (not (file-name-absolute-p reldir))
                         (let ((name name) (dir dir))
		           (while (and dir name
		                       (string= (file-name-nondirectory dir)
		                                (file-name-nondirectory name))
                              (setq dir (file-name-directory dir)
				   name (file-name-directory name))
			      (if (and dir name)
			         (setq dir (directory-file-name dir)
			              name (directory-file-name name)))))
		            (null name))
		   (throw 22
                      (if (string= reldir ".") (directory-file-name prefix)
                        (concat (file-name-as-directory prefix)
                                reldir))))))))))) (write-region (if (stringp x) x (prin1-to-string x)) nil "./conftest-18902")) /usr/intel/share /usr/intel/share .:!!/nfs/pdx/home/ajaraber/.texmf-config/tex/latex//:!!/nfs/pdx/home/ajaraber/.texmf-var/tex/latex//:/nfs/pdx/home/ajaraber/texmf/tex/latex//:!!/usr/intel/pkgs/teTeX/3.0/share/texmf-config/tex/latex//:!!/usr/intel/pkgs/teTeX/3.0/share/texmf-var/tex/latex//:!!/usr/intel/pkgs/teTeX/3.0/share/texmf/tex/latex//:!!/usr/intel/pkgs/teTeX/3.0/share/texmf-local/tex/latex//:!!/usr/intel/pkgs/teTeX/3.0/share/texmf-dist/tex/latex//:!!/nfs/pdx/home/ajaraber/.texmf-config/tex/generic//:!!/nfs/pdx/home/ajaraber/.texmf-var/tex/generic//:/nfs/pdx/home/ajaraber/texmf/tex/generic//:!!/usr/intel/pkgs/teTeX/3.0/share/texmf-config/tex/generic//:!!/usr/intel/pkgs/teTeX/3.0/share/texmf-var/tex/generic//:!!/usr/intel/pkgs/teTeX/3.0/share/texmf/tex/generic//:!!/usr/intel/pkgs/teTeX/3.0/share/texmf-local/tex/generic//:!!/usr/intel/pkgs/teTeX/3.0/share/texmf-dist/tex/generic//:!!/nfs/pdx/home/ajaraber/.texmf-config/tex///:!!/nfs/pdx/home/ajaraber/.texmf-var/tex///:/nfs/pdx/home/ajaraber/texmf/tex///:!!/usr/intel/pkgs/teTeX/3.0/share/texmf-config/tex///:!!/usr/intel/pkgs/teTeX/3.0/share/texmf-var/tex///:!!/usr/intel/pkgs/teTeX/3.0/share/texmf/tex///:!!/usr/intel/pkgs/teTeX/3.0/share/texmf-local/tex///:!!/usr/intel/pkgs/teTeX/3.0/share/texmf-dist/tex///:/nfs/pdx/home/ajaraber/.TeX:/usr/share/doc/.TeX:/usr/doc/.TeX
Wrote /nfs/ltdn/disks/ltdn_lvd_disk27/advda/elisp/utils/workspace/emacsfull/.emacs.d/auctex/conftest-18902
=> NONE
/usr/intel/bin/emacs -batch -no-site-file -eval (let* ((prefix(pop command-line-args-left)) (expanded(pop command-line-args-left)) (pathoutput(pop command-line-args-left))(x (catch 22
       (let (reldir (dirs (mapcar (lambda(x)
              (and (string-match "\\`!*\\(.*[^/]\\)//+\\'" x)
	           (match-string 1 x)))
      (append (split-string pathoutput ";")
             (split-string pathoutput ":")))))
	  (dolist (name (list nil) "NONE")
	    (dolist (dir dirs)
	      (when (and dir
	      	         (setq dir (directory-file-name dir))
                         (file-name-absolute-p dir)
	      	         (file-directory-p dir)
	                 (not (string-match "\\`\\.\\."
                           (setq reldir (file-relative-name dir expanded))))
			 (not (file-name-absolute-p reldir))
                         (let ((name name) (dir dir))
		           (while (and dir name
		                       (string= (file-name-nondirectory dir)
		                                (file-name-nondirectory name))
                              (setq dir (file-name-directory dir)
				   name (file-name-directory name))
			      (if (and dir name)
			         (setq dir (directory-file-name dir)
			              name (directory-file-name name)))))
		            (null name))
		   (throw 22
                      (if (string= reldir ".") (directory-file-name prefix)
                        (concat (file-name-as-directory prefix)
                                reldir))))))))))) (write-region (if (stringp x) x (prin1-to-string x)) nil "./conftest-18902")) /usr/intel /usr/intel .:!!/nfs/pdx/home/ajaraber/.texmf-config/tex/latex//:!!/nfs/pdx/home/ajaraber/.texmf-var/tex/latex//:/nfs/pdx/home/ajaraber/texmf/tex/latex//:!!/usr/intel/pkgs/teTeX/3.0/share/texmf-config/tex/latex//:!!/usr/intel/pkgs/teTeX/3.0/share/texmf-var/tex/latex//:!!/usr/intel/pkgs/teTeX/3.0/share/texmf/tex/latex//:!!/usr/intel/pkgs/teTeX/3.0/share/texmf-local/tex/latex//:!!/usr/intel/pkgs/teTeX/3.0/share/texmf-dist/tex/latex//:!!/nfs/pdx/home/ajaraber/.texmf-config/tex/generic//:!!/nfs/pdx/home/ajaraber/.texmf-var/tex/generic//:/nfs/pdx/home/ajaraber/texmf/tex/generic//:!!/usr/intel/pkgs/teTeX/3.0/share/texmf-config/tex/generic//:!!/usr/intel/pkgs/teTeX/3.0/share/texmf-var/tex/generic//:!!/usr/intel/pkgs/teTeX/3.0/share/texmf/tex/generic//:!!/usr/intel/pkgs/teTeX/3.0/share/texmf-local/tex/generic//:!!/usr/intel/pkgs/teTeX/3.0/share/texmf-dist/tex/generic//:!!/nfs/pdx/home/ajaraber/.texmf-config/tex///:!!/nfs/pdx/home/ajaraber/.texmf-var/tex///:/nfs/pdx/home/ajaraber/texmf/tex///:!!/usr/intel/pkgs/teTeX/3.0/share/texmf-config/tex///:!!/usr/intel/pkgs/teTeX/3.0/share/texmf-var/tex///:!!/usr/intel/pkgs/teTeX/3.0/share/texmf/tex///:!!/usr/intel/pkgs/teTeX/3.0/share/texmf-local/tex///:!!/usr/intel/pkgs/teTeX/3.0/share/texmf-dist/tex///:/nfs/pdx/home/ajaraber/.TeX:/usr/share/doc/.TeX:/usr/doc/.TeX
Wrote /nfs/ltdn/disks/ltdn_lvd_disk27/advda/elisp/utils/workspace/emacsfull/.emacs.d/auctex/conftest-18902
=> /usr/intel/pkgs/teTeX/3.0/share/texmf/tex/latex
configure:3564: result: /usr/intel/pkgs/teTeX/3.0/share/texmf/tex/latex
configure:3667: checking for texhash
configure:3685: found /usr/intel/bin/texhash
configure:3697: result: /usr/intel/bin/texhash
configure:3707: checking for initexmf
configure:3734: result: /usr/intel/bin/texhash
configure:3793: checking for glaring installation conflicts
/usr/intel/bin/emacs -batch -eval (let* ((packagelispdir(pop command-line-args-left)) (previewstartfile(pop command-line-args-left))(x 
     (concat
       (and (setq tmp (locate-library "preview.elc"))
            (not (string= (file-truename tmp)
                       (file-truename (expand-file-name "preview.elc"
                                         packagelispdir))))
            (format "Conflicting previous installation in `%s' found!\n"
                    (file-name-directory tmp)))
       (and (setq tmp (locate-library "preview-latex.el"))
            (not (string= (file-truename tmp)
                          (file-truename previewstartfile)))
            (format "Conflicting previous startup file `%s' found!\n" tmp))))) (write-region (if (stringp x) x (prin1-to-string x)) nil "./conftest-18902")) /usr/intel/pkgs/emacs/24.2/share/emacs/site-lisp/auctex /usr/intel/pkgs/emacs/24.2/share/emacs/site-lisp/preview-latex.el
Wrote /nfs/ltdn/disks/ltdn_lvd_disk27/advda/elisp/utils/workspace/emacsfull/.emacs.d/auctex/conftest-18902
=> 
configure:3855: result: probably none
configure:3915: checking for perl
configure:3933: found /usr/intel/bin/perl
configure:3946: result: /usr/intel/bin/perl
configure:3960: checking for makeinfo
configure:3978: found /usr/intel/bin/makeinfo
configure:3991: result: /usr/intel/bin/makeinfo
configure:4001: checking for texi2html
configure:4019: found /usr/intel/bin/texi2html
configure:4032: result: /usr/intel/bin/texi2html
configure:4042: checking for texi2dvi
configure:4060: found /usr/intel/bin/texi2dvi
configure:4073: result: /usr/intel/bin/texi2dvi
configure:4083: checking for texi2pdf
configure:4101: found /usr/intel/bin/texi2pdf
configure:4114: result: /usr/intel/bin/texi2pdf
configure:4129: checking for install-info
configure:4147: found /usr/intel/bin/install-info
configure:4160: result: /usr/intel/bin/install-info
configure:4403: creating ./config.status

## ---------------------- ##
## Running config.status. ##
## ---------------------- ##

This file was extended by auctex config.status 11.88, which was
generated by GNU Autoconf 2.69.  Invocation command line was

  CONFIG_FILES    = 
  CONFIG_HEADERS  = 
  CONFIG_LINKS    = 
  CONFIG_COMMANDS = 
  $ ./config.status 

on plxc25288

config.status:768: creating Makefile
config.status:768: creating tex-site.el.out
config.status:768: creating doc/Makefile
config.status:768: creating auctex.el
config.status:768: creating preview.el
config.status:768: creating auto.el
config.status:768: creating latex/Makefile

## ---------------- ##
## Cache variables. ##
## ---------------- ##

ac_cv_env_GS_set=
ac_cv_env_GS_value=
ac_cv_env_INSTALL_INFO_set=
ac_cv_env_INSTALL_INFO_value=
ac_cv_env_MAKEINFO_set=
ac_cv_env_MAKEINFO_value=
ac_cv_env_PERL_set=
ac_cv_env_PERL_value=
ac_cv_env_TEXHASH_set=
ac_cv_env_TEXHASH_value=
ac_cv_env_build_alias_set=
ac_cv_env_build_alias_value=
ac_cv_env_host_alias_set=
ac_cv_env_host_alias_value=
ac_cv_env_target_alias_set=
ac_cv_env_target_alias_value=
ac_cv_path_DVIPS=/usr/intel/bin/dvips
ac_cv_path_EMACS=/usr/intel/bin/emacs
ac_cv_path_INSTALL_INFO=/usr/intel/bin/install-info
ac_cv_path_LATEX=/usr/intel/bin/latex
ac_cv_path_MAKEINFO=/usr/intel/bin/makeinfo
ac_cv_path_PDFLATEX=/usr/intel/bin/pdflatex
ac_cv_path_PDFTEX=/usr/intel/bin/pdftex
ac_cv_path_PERL=/usr/intel/bin/perl
ac_cv_path_TEX=/usr/intel/bin/tex
ac_cv_path_TEXHASH=/usr/intel/bin/texhash
ac_cv_path_TEXI2DVI=/usr/intel/bin/texi2dvi
ac_cv_path_TEXI2HTML=/usr/intel/bin/texi2html
ac_cv_path_TEXI2PDF=/usr/intel/bin/texi2pdf
ac_cv_path_install='/usr/intel/bin/ginstall -c'
ac_cv_prog_GS=gs
ac_cv_prog_MAKECMD=make
ac_cv_prog_TEXHASH=/usr/intel/bin/texhash
ac_cv_prog_make_make_set=yes

## ----------------- ##
## Output variables. ##
## ----------------- ##

AUCTEXDATE='2014-12-22'
AUCTEXVERSION='2014-12-22'
DEFS='-DPACKAGE_NAME=\"auctex\" -DPACKAGE_TARNAME=\"auctex\" -DPACKAGE_VERSION=\"11.88\" -DPACKAGE_STRING=\"auctex\ 11.88\" -DPACKAGE_BUGREPORT=\"bug-auctex@gnu.org\" -DPACKAGE_URL=\"\"'
DVIPS='/usr/intel/bin/dvips'
ECHO_C=''
ECHO_N='-n'
ECHO_T=''
EMACS='/usr/intel/bin/emacs'
EMACS_FLAVOR='emacs'
GS='gs'
HAVE_mule='yes'
INSTALL_DATA='${INSTALL} -m 644'
INSTALL_INFO='/usr/intel/bin/install-info'
INSTALL_PROGRAM='${INSTALL}'
INSTALL_SCRIPT='${INSTALL}'
LATEX='/usr/intel/bin/latex'
LIBOBJS=''
LIBS=''
LTLIBOBJS=''
MAKECMD='make'
MAKEINFO='/usr/intel/bin/makeinfo'
MULEELC='tex-jp.elc'
MULESRC='tex-jp.el'
PACKAGE_BUGREPORT='bug-auctex@gnu.org'
PACKAGE_NAME='auctex'
PACKAGE_STRING='auctex 11.88'
PACKAGE_TARNAME='auctex'
PACKAGE_URL=''
PACKAGE_VERSION='11.88'
PATH_SEPARATOR=':'
PDFLATEX='/usr/intel/bin/pdflatex'
PDFTEX='/usr/intel/bin/pdftex'
PERL='/usr/intel/bin/perl'
PLAT_LISP='prv-emacs.el'
PREVIEWDATE='2014-11-28'
PREVIEWVERSION='2014-11-28'
SET_MAKE=''
SHELL='/bin/sh'
TEX='/usr/intel/bin/tex'
TEXHASH='/usr/intel/bin/texhash'
TEXI2DVI='/usr/intel/bin/texi2dvi'
TEXI2HTML='/usr/intel/bin/texi2html'
TEXI2PDF='/usr/intel/bin/texi2pdf'
TEXMFGEN='preview.sty prauctex.def prauctex.cfg prshowbox.def prshowlabels.def prtracingall.def prtightpage.def prlyx.def prcounters.def prfootnotes.def'
XEMACS='no'
auctexstartfile='/usr/intel/pkgs/emacs/24.2/share/emacs/site-lisp/auctex.el'
autodir='${localstatedir}/auctex'
bindir='${exec_prefix}/bin'
build_alias=''
datadir='${datarootdir}'
datarootdir='${prefix}/share'
docdir='${datarootdir}/doc/${PACKAGE_TARNAME}'
dvidir='${docdir}'
exec_prefix='${prefix}'
host_alias=''
htmldir='${docdir}'
includedir='${prefix}/include'
infodir='${datarootdir}/info'
libdir='${exec_prefix}/lib'
libexecdir='${exec_prefix}/libexec'
lispGS=''
lispautodir='"/usr/local/var/auctex"'
lispdir='/usr/intel/pkgs/emacs/24.2/share/emacs/site-lisp'
lisppackagedatadir='(expand-file-name "auctex" (file-name-directory load-file-name))'
lisppackagelispdir='(expand-file-name "auctex" (file-name-directory load-file-name))'
lisppackagetexstyles=''
lisptexsite='(expand-file-name "tex-site.el" (file-name-directory load-file-name))'
localedir='${datarootdir}/locale'
localstatedir='${prefix}/var'
mandir='${datarootdir}/man'
oldincludedir='/usr/include'
packagedatadir='/usr/intel/pkgs/emacs/24.2/share/emacs/site-lisp/auctex'
packagedir='no'
packagelispdir='/usr/intel/pkgs/emacs/24.2/share/emacs/site-lisp/auctex'
packagetexstyles=''
pdfdir='${docdir}'
prefix='/usr/local'
preview_enabled='yes'
previewdocdir='/usr/intel/pkgs/teTeX/3.0/share/texmf/tex/latex/preview'
previewstartfile='/usr/intel/pkgs/emacs/24.2/share/emacs/site-lisp/preview-latex.el'
previewtexmfdir='/usr/intel/pkgs/teTeX/3.0/share/texmf/tex/latex/preview'
program_transform_name='s,x,x,'
psdir='${docdir}'
sbindir='${exec_prefix}/sbin'
sharedstatedir='${prefix}/com'
sysconfdir='${prefix}/etc'
target_alias=''
texmfdir='/usr/intel/pkgs/teTeX/3.0/share/texmf/tex/latex'
texsite=''

## ----------- ##
## confdefs.h. ##
## ----------- ##

/* confdefs.h */
#define PACKAGE_NAME "auctex"
#define PACKAGE_TARNAME "auctex"
#define PACKAGE_VERSION "11.88"
#define PACKAGE_STRING "auctex 11.88"
#define PACKAGE_BUGREPORT "bug-auctex@gnu.org"
#define PACKAGE_URL ""

configure: exit 0
