This file contains any messages produced by compilers while
running configure, to aid debugging if configure makes a mistake.

It was created by doxymacs configure 1.8.0, which was
generated by GNU Autoconf 2.69.  Invocation command line was

  $ ./configure --no-create --no-recursion

## --------- ##
## Platform. ##
## --------- ##

hostname = dc7-sim-a10-072
uname -m = x86_64
uname -r = 4.1.15.pnotify
uname -s = Linux
uname -v = #19 SMP Tue Sep 18 14:46:58 PDT 2018

/usr/bin/uname -p = unknown
/bin/uname -X     = unknown

/bin/arch              = x86_64
/usr/bin/arch -k       = unknown
/usr/convex/getsysinfo = unknown
/usr/bin/hostinfo      = unknown
/bin/machine           = unknown
/usr/bin/oslevel       = unknown
/bin/universe          = unknown

PATH: /home/abelardoj/.local/bin
PATH: /home/abelardoj/local/bin
PATH: /home/abelardoj/bin
PATH: /home/denver/release/sw/tools/gcc-x86/5.4.0/cl45807481/CentOS-6.8/bin
PATH: /home/abelardoj/anaconda3/bin
PATH: /home/abelardoj/builds/llvm/build/bin
PATH: /home/abelardoj/local/cmake-3.15.5-Linux-x86_64/bin
PATH: /home/denver/release/sw/tools/cmake/current/bin
PATH: /home/denver/release/sw/tools/python-3.7.2/bin
PATH: /home/utils/flex-2.6.4/bin
PATH: /home/utils/bison-2.7.1/bin
PATH: /home/denver/release/sw/tools/gcc-x86/5.4.0/current/CentOS-6.8/bin
PATH: /home/denver/release/sw/tools/texinfo-4.9/bin
PATH: /home/denver/release/sw/tools/doxygen/bin
PATH: /home/utils/perl-5.12/5.12.1-nothreads-64/bin
PATH: /home/utils/make-4.2.1/bin
PATH: /home/utils/gdb-8.2.1/bin
PATH: /home/denver/release/sw/tools/binutils-2.28/bin
PATH: /home/nv/bin
PATH: /home/utils/bin
PATH: /usr/kerberos/bin
PATH: /usr/local/lsf/bin
PATH: /sbin
PATH: /bin
PATH: /usr/sbin
PATH: /usr/bin
PATH: /usr/games
PATH: /usr/local/sbin
PATH: /usr/local/bin


## ----------- ##
## Core tests. ##
## ----------- ##

configure:2058: checking for a BSD-compatible install
configure:2126: result: /usr/bin/install -c
configure:2137: checking whether build environment is sane
configure:2174: result: yes
configure:2236: checking for gawk
configure:2252: found /bin/gawk
configure:2263: result: gawk
configure:2274: checking whether make sets $(MAKE)
configure:2296: result: yes
configure:2525: checking for gcc
configure:2541: found /home/abelardoj/local/bin/gcc
configure:2552: result: gcc
configure:2781: checking for C compiler version
configure:2790: gcc --version >&5
gcc (GCC) 8.2.0
Copyright (C) 2018 Free Software Foundation, Inc.
This is free software; see the source for copying conditions.  There is NO
warranty; not even for MERCHANTABILITY or FITNESS FOR A PARTICULAR PURPOSE.

configure:2801: $? = 0
configure:2790: gcc -v >&5
Using built-in specs.
COLLECT_GCC=gcc
COLLECT_LTO_WRAPPER=/home/scratch.abelardoj_denver-info/local/bin/../libexec/gcc/x86_64-pc-linux-gnu/8.2.0/lto-wrapper
Target: x86_64-pc-linux-gnu
Configured with: ../configure --prefix=/home/abelardoj/local --enable-shared --enable-threads=posix --enable-__cxa_atexit --enable-clocale=gnu --enable-languages=all
Thread model: posix
gcc version 8.2.0 (GCC) 
configure:2801: $? = 0
configure:2790: gcc -V >&5
gcc: error: unrecognized command line option '-V'
gcc: fatal error: no input files
compilation terminated.
configure:2801: $? = 1
configure:2790: gcc -qversion >&5
gcc: error: unrecognized command line option '-qversion'; did you mean '--version'?
gcc: fatal error: no input files
compilation terminated.
configure:2801: $? = 1
configure:2821: checking whether the C compiler works
configure:2843: gcc -g -O2   conftest.c  >&5
configure:2847: $? = 0
configure:2895: result: yes
configure:2898: checking for C compiler default output file name
configure:2900: result: a.out
configure:2906: checking for suffix of executables
configure:2913: gcc -o conftest -g -O2   conftest.c  >&5
configure:2917: $? = 0
configure:2939: result: 
configure:2961: checking whether we are cross compiling
configure:2969: gcc -o conftest -g -O2   conftest.c  >&5
configure:2973: $? = 0
configure:2980: ./conftest
configure:2984: $? = 0
configure:2999: result: no
configure:3004: checking for suffix of object files
configure:3026: gcc -c -g -O2  conftest.c >&5
configure:3030: $? = 0
configure:3051: result: o
configure:3055: checking whether we are using the GNU C compiler
configure:3074: gcc -c -g -O2  conftest.c >&5
configure:3074: $? = 0
configure:3083: result: yes
configure:3092: checking whether gcc accepts -g
configure:3112: gcc -c -g  conftest.c >&5
configure:3112: $? = 0
configure:3153: result: yes
configure:3170: checking for gcc option to accept ISO C89
configure:3233: gcc  -c -g -O2  conftest.c >&5
configure:3233: $? = 0
configure:3246: result: none needed
configure:3277: checking for style of include used by make
configure:3305: result: GNU
configure:3333: checking dependency style of gcc
configure:3423: result: gcc3
configure:3448: checking for emacs
configure:3464: found /usr/bin/emacs
configure:3475: result: emacs
configure:3499: checking where .elc files should go
configure:3512: $EMACS -batch -q -eval '(while load-path (princ (concat (car load-path) "\n")) (setq load-path (cdr load-path)))' </dev/null >conftest.out
Loading /usr/share/emacs/site-lisp/site-start.d/auctex.el (source)...
Loading /usr/share/emacs/site-lisp/site-start.d/focus-init.el (source)...
Loading /usr/share/emacs/site-lisp/site-start.d/gnuplot-init.el (source)...
Loading /usr/share/emacs/site-lisp/site-start.d/php-mode-init.el (source)...
Loading /usr/share/emacs/site-lisp/site-start.d/po-mode-init.el (source)...
Loading /usr/share/emacs/site-lisp/site-start.d/preview-latex.el (source)...
Loading /usr/share/emacs/site-lisp/site-start.d/rpm-spec-mode-init.el (source)...
Loading /usr/share/emacs/site-lisp/site-start.d/rpmdev-init.el (source)...
configure:3515: $? = 0
configure:3528: result: ${datadir}/emacs/site-lisp
configure:3578: checking for xml2-config
configure:3596: found /home/abelardoj/anaconda3/bin/xml2-config
configure:3609: result: /home/abelardoj/anaconda3/bin/xml2-config
configure:3618: checking for libxml - version >= 2.6.13
configure:3720: gcc -o conftest -g -O2  -I/home/abelardoj/anaconda3/include/libxml2 -I/home/abelardoj/anaconda3/include  conftest.c -L/home/abelardoj/anaconda3/lib -lxml2 -L/home/abelardoj/anaconda3/lib -lz -L/home/abelardoj/anaconda3/lib -llzma -lpthread -L/home/abelardoj/anaconda3/lib -lm -ldl  >&5
configure:3720: $? = 0
configure:3720: ./conftest
./conftest: error while loading shared libraries: liblzma.so.5: cannot open shared object file: No such file or directory
configure:3720: $? = 127
configure: program exited with status 127
configure: failed program was:
| /* confdefs.h */
| #define PACKAGE_NAME "doxymacs"
| #define PACKAGE_TARNAME "doxymacs"
| #define PACKAGE_VERSION "1.8.0"
| #define PACKAGE_STRING "doxymacs 1.8.0"
| #define PACKAGE_BUGREPORT "http://sourceforge.net/projects/doxymacs"
| #define PACKAGE_URL ""
| #define PACKAGE "doxymacs"
| #define VERSION "1.8.0"
| /* end confdefs.h.  */
| 
| #include <stdlib.h>
| #include <stdio.h>
| #include <string.h>
| #include <libxml/xmlversion.h>
| 
| int
| main()
| {
|   int xml_major_version, xml_minor_version, xml_micro_version;
|   int major, minor, micro;
|   char *tmp_version;
| 
|   system("touch conf.xmltest");
| 
|   /* Capture xml2-config output via autoconf/configure variables */
|   /* HP/UX 9 (%@#!) writes to sscanf strings */
|   tmp_version = (char *)strdup("2.6.13");
|   if (sscanf(tmp_version, "%d.%d.%d", &major, &minor, &micro) != 3) {
|      printf("%s, bad version string from xml2-config\n", "2.6.13");
|      exit(1);
|    }
|    free(tmp_version);
| 
|    /* Capture the version information from the header files */
|    tmp_version = (char *)strdup(LIBXML_DOTTED_VERSION);
|    if (sscanf(tmp_version, "%d.%d.%d", &xml_major_version, &xml_minor_version, &xml_micro_version) != 3) {
|      printf("%s, bad version string from libxml includes\n", "LIBXML_DOTTED_VERSION");
|      exit(1);
|    }
|    free(tmp_version);
| 
|  /* Compare xml2-config output to the libxml headers */
|   if ((xml_major_version != 2) ||
|       (xml_minor_version != 9) ||
|       (xml_micro_version != 9))
|     {
|       printf("*** libxml header files (version %d.%d.%d) do not match\n",
|          xml_major_version, xml_minor_version, xml_micro_version);
|       printf("*** xml2-config (version %d.%d.%d)\n",
|          2, 9, 9);
|       return 1;
|     }
| /* Compare the headers to the library to make sure we match */
|   /* Less than ideal -- doesn't provide us with return value feedback,
|    * only exits if there's a serious mismatch between header and library.
|    */
|     LIBXML_TEST_VERSION;
| 
|     /* Test that the library is greater than our minimum version */
|     if ((xml_major_version > major) ||
|         ((xml_major_version == major) && (xml_minor_version > minor)) ||
|         ((xml_major_version == major) && (xml_minor_version == minor) &&
|         (xml_micro_version >= micro)))
|       {
|         return 0;
|        }
|      else
|       {
|         printf("\n*** An old version of libxml (%d.%d.%d) was found.\n",
|                xml_major_version, xml_minor_version, xml_micro_version);
|         printf("*** You need a version of libxml newer than %d.%d.%d. The latest version of\n",
|            major, minor, micro);
|         printf("*** libxml is always available from ftp://ftp.xmlsoft.org.\n");
|         printf("***\n");
|         printf("*** If you have already installed a sufficiently new version, this error\n");
|         printf("*** probably means that the wrong copy of the xml2-config shell script is\n");
|         printf("*** being found. The easiest way to fix this is to remove the old version\n");
|         printf("*** of LIBXML, but you can also set the XML2_CONFIG environment to point to the\n");
|         printf("*** correct copy of xml2-config. (In this case, you will have to\n");
|         printf("*** modify your LD_LIBRARY_PATH enviroment variable, or edit /etc/ld.so.conf\n");
|         printf("*** so that the correct libraries are found at run-time))\n");
|     }
|   return 1;
| }
| 
configure:3739: result: no
configure:3767: gcc -o conftest -g -O2  -I/home/abelardoj/anaconda3/include/libxml2 -I/home/abelardoj/anaconda3/include  conftest.c  -L/home/abelardoj/anaconda3/lib -lxml2 -L/home/abelardoj/anaconda3/lib -lz -L/home/abelardoj/anaconda3/lib -llzma -lpthread -L/home/abelardoj/anaconda3/lib -lm -ldl >&5
configure:3767: $? = 0
configure:3804: checking how to run the C preprocessor
configure:3835: gcc -E  conftest.c
configure:3835: $? = 0
configure:3849: gcc -E  conftest.c
conftest.c:11:10: fatal error: ac_nonexistent.h: No such file or directory
 #include <ac_nonexistent.h>
          ^~~~~~~~~~~~~~~~~~
compilation terminated.
configure:3849: $? = 1
configure: failed program was:
| /* confdefs.h */
| #define PACKAGE_NAME "doxymacs"
| #define PACKAGE_TARNAME "doxymacs"
| #define PACKAGE_VERSION "1.8.0"
| #define PACKAGE_STRING "doxymacs 1.8.0"
| #define PACKAGE_BUGREPORT "http://sourceforge.net/projects/doxymacs"
| #define PACKAGE_URL ""
| #define PACKAGE "doxymacs"
| #define VERSION "1.8.0"
| /* end confdefs.h.  */
| #include <ac_nonexistent.h>
configure:3874: result: gcc -E
configure:3894: gcc -E  conftest.c
configure:3894: $? = 0
configure:3908: gcc -E  conftest.c
conftest.c:11:10: fatal error: ac_nonexistent.h: No such file or directory
 #include <ac_nonexistent.h>
          ^~~~~~~~~~~~~~~~~~
compilation terminated.
configure:3908: $? = 1
configure: failed program was:
| /* confdefs.h */
| #define PACKAGE_NAME "doxymacs"
| #define PACKAGE_TARNAME "doxymacs"
| #define PACKAGE_VERSION "1.8.0"
| #define PACKAGE_STRING "doxymacs 1.8.0"
| #define PACKAGE_BUGREPORT "http://sourceforge.net/projects/doxymacs"
| #define PACKAGE_URL ""
| #define PACKAGE "doxymacs"
| #define VERSION "1.8.0"
| /* end confdefs.h.  */
| #include <ac_nonexistent.h>
configure:3937: checking for grep that handles long lines and -e
configure:3995: result: /bin/grep
configure:4000: checking for egrep
configure:4062: result: /bin/grep -E
configure:4067: checking for ANSI C header files
configure:4087: gcc -c -g -O2  conftest.c >&5
configure:4087: $? = 0
configure:4160: gcc -o conftest -g -O2   conftest.c  >&5
configure:4160: $? = 0
configure:4160: ./conftest
configure:4160: $? = 0
configure:4171: result: yes
configure:4180: checking for an ANSI C-conforming const
configure:4246: gcc -c -g -O2  conftest.c >&5
configure:4246: $? = 0
configure:4253: result: yes
configure:4264: checking for strdup
configure:4264: gcc -o conftest -g -O2   conftest.c  >&5
conftest.c:35:6: warning: conflicting types for built-in function 'strdup' [-Wbuiltin-declaration-mismatch]
 char strdup ();
      ^~~~~~
configure:4264: $? = 0
configure:4264: result: yes
configure:4464: creating ./config.status

## ---------------- ##
## Cache variables. ##
## ---------------- ##

ac_cv_c_compiler_gnu=yes
ac_cv_c_const=yes
ac_cv_env_CC_set=
ac_cv_env_CC_value=
ac_cv_env_CFLAGS_set=set
ac_cv_env_CFLAGS_value='-g -O2'
ac_cv_env_CPPFLAGS_set=
ac_cv_env_CPPFLAGS_value=
ac_cv_env_CPP_set=
ac_cv_env_CPP_value=
ac_cv_env_EMACSLOADPATH_set=
ac_cv_env_EMACSLOADPATH_value=
ac_cv_env_EMACS_set=
ac_cv_env_EMACS_value=
ac_cv_env_LDFLAGS_set=
ac_cv_env_LDFLAGS_value=
ac_cv_env_LIBS_set=
ac_cv_env_LIBS_value=
ac_cv_env_build_alias_set=
ac_cv_env_build_alias_value=
ac_cv_env_host_alias_set=
ac_cv_env_host_alias_value=
ac_cv_env_target_alias_set=
ac_cv_env_target_alias_value=
ac_cv_func_strdup=yes
ac_cv_header_stdc=yes
ac_cv_objext=o
ac_cv_path_EGREP='/bin/grep -E'
ac_cv_path_GREP=/bin/grep
ac_cv_path_XML2_CONFIG=/home/abelardoj/anaconda3/bin/xml2-config
ac_cv_path_install='/usr/bin/install -c'
ac_cv_prog_AWK=gawk
ac_cv_prog_CPP='gcc -E'
ac_cv_prog_EMACS=emacs
ac_cv_prog_ac_ct_CC=gcc
ac_cv_prog_cc_c89=
ac_cv_prog_cc_g=yes
ac_cv_prog_make_make_set=yes
am_cv_CC_dependencies_compiler_type=gcc3
am_cv_lispdir='${datadir}/emacs/site-lisp'

## ----------------- ##
## Output variables. ##
## ----------------- ##

ACLOCAL='${SHELL} /home/scratch.abelardoj_denver-info/workspace/emacs-config/.emacs.d/doxymacs/missing --run aclocal-1.9'
AMDEPBACKSLASH='\'
AMDEP_FALSE='#'
AMDEP_TRUE=''
AMTAR='${SHELL} /home/scratch.abelardoj_denver-info/workspace/emacs-config/.emacs.d/doxymacs/missing --run tar'
AUTOCONF='${SHELL} /home/scratch.abelardoj_denver-info/workspace/emacs-config/.emacs.d/doxymacs/missing --run autoconf'
AUTOHEADER='${SHELL} /home/scratch.abelardoj_denver-info/workspace/emacs-config/.emacs.d/doxymacs/missing --run autoheader'
AUTOMAKE='${SHELL} /home/scratch.abelardoj_denver-info/workspace/emacs-config/.emacs.d/doxymacs/missing --run automake-1.9'
AWK='gawk'
CC='gcc'
CCDEPMODE='depmode=gcc3'
CFLAGS='-g -O2'
CPP='gcc -E'
CPPFLAGS=''
CYGPATH_W='echo'
DEFS='-DPACKAGE_NAME=\"doxymacs\" -DPACKAGE_TARNAME=\"doxymacs\" -DPACKAGE_VERSION=\"1.8.0\" -DPACKAGE_STRING=\"doxymacs\ 1.8.0\" -DPACKAGE_BUGREPORT=\"http://sourceforge.net/projects/doxymacs\" -DPACKAGE_URL=\"\" -DPACKAGE=\"doxymacs\" -DVERSION=\"1.8.0\" -DSTDC_HEADERS=1 -DHAVE_STRDUP=1'
DEPDIR='.deps'
DOXYMACS_DEFAULT_STYLE='JavaDoc'
DOXYMACS_PARSER='/home/abelardoj/bin/doxymacs_parser'
DOXYMACS_USE_EXTERNAL_XML_PARSER='nil'
ECHO_C=''
ECHO_N='-n'
ECHO_T=''
EGREP='/bin/grep -E'
EMACS='emacs'
EMACSLOADPATH=''
EXEEXT=''
GREP='/bin/grep'
INSTALL_DATA='${INSTALL} -m 644'
INSTALL_PROGRAM='${INSTALL}'
INSTALL_SCRIPT='${INSTALL}'
INSTALL_STRIP_PROGRAM='${SHELL} $(install_sh) -c -s'
LDFLAGS=''
LIBOBJS=''
LIBS=''
LTLIBOBJS=''
MAKEINFO='${SHELL} /home/scratch.abelardoj_denver-info/workspace/emacs-config/.emacs.d/doxymacs/missing --run makeinfo'
OBJEXT='o'
PACKAGE='doxymacs'
PACKAGE_BUGREPORT='http://sourceforge.net/projects/doxymacs'
PACKAGE_NAME='doxymacs'
PACKAGE_STRING='doxymacs 1.8.0'
PACKAGE_TARNAME='doxymacs'
PACKAGE_URL=''
PACKAGE_VERSION='1.8.0'
PATH_SEPARATOR=':'
SET_MAKE=''
SHELL='/bin/bash'
STRIP=''
VERSION='1.8.0'
XML2_CONFIG='/home/abelardoj/anaconda3/bin/xml2-config'
XML_CPPFLAGS=''
XML_LIBS=''
ac_ct_CC='gcc'
am__fastdepCC_FALSE='#'
am__fastdepCC_TRUE=''
am__include='include'
am__leading_dot='.'
am__quote=''
am__tar='${AMTAR} chof - "$$tardir"'
am__untar='${AMTAR} xf -'
bindir='${exec_prefix}/bin'
build_alias=''
datadir='${datarootdir}'
datarootdir='${prefix}/share'
docdir='${datarootdir}/doc/${PACKAGE_TARNAME}'
dvidir='${docdir}'
exec_prefix='${prefix}'
host_alias=''
htmldir='${docdir}'
includedir='${prefix}/include'
infodir='${datarootdir}/info'
install_sh='/home/scratch.abelardoj_denver-info/workspace/emacs-config/.emacs.d/doxymacs/install-sh'
libdir='${exec_prefix}/lib'
libexecdir='${exec_prefix}/libexec'
lispdir='${datadir}/emacs/site-lisp'
localedir='${datarootdir}/locale'
localstatedir='${prefix}/var'
mandir='${datarootdir}/man'
mkdir_p='mkdir -p --'
oldincludedir='/usr/include'
pdfdir='${docdir}'
prefix='/home/abelardoj'
program_transform_name='s,x,x,'
psdir='${docdir}'
sbindir='${exec_prefix}/sbin'
sharedstatedir='${prefix}/com'
sysconfdir='${prefix}/etc'
target_alias=''

## ----------- ##
## confdefs.h. ##
## ----------- ##

/* confdefs.h */
#define PACKAGE_NAME "doxymacs"
#define PACKAGE_TARNAME "doxymacs"
#define PACKAGE_VERSION "1.8.0"
#define PACKAGE_STRING "doxymacs 1.8.0"
#define PACKAGE_BUGREPORT "http://sourceforge.net/projects/doxymacs"
#define PACKAGE_URL ""
#define PACKAGE "doxymacs"
#define VERSION "1.8.0"
#define STDC_HEADERS 1
#define HAVE_STRDUP 1

configure: exit 0

## ---------------------- ##
## Running config.status. ##
## ---------------------- ##

This file was extended by doxymacs config.status 1.8.0, which was
generated by GNU Autoconf 2.69.  Invocation command line was

  CONFIG_FILES    = 
  CONFIG_HEADERS  = 
  CONFIG_LINKS    = 
  CONFIG_COMMANDS = 
  $ ./config.status 

on dc7-sim-a10-072

config.status:778: creating Makefile
config.status:778: creating c/Makefile
config.status:778: creating lisp/Makefile
config.status:778: creating lisp/doxymacs.el
config.status:778: creating no-autoconf/Makefile
config.status:944: executing depfiles commands
