
In toplevel form:
git-rebase.el:69:1:Error: Cannot open load file: No such file or directory, dash

In toplevel form:
magit-apply.el:33:1:Error: Cannot open load file: No such file or directory, dash

In toplevel form:
magit-autorevert.el:27:1:Error: Cannot open load file: No such file or directory, dash

In toplevel form:
magit-bisect.el:30:1:Error: Cannot open load file: No such file or directory, dash

In toplevel form:
magit-blame.el:31:1:Error: Cannot open load file: No such file or directory, dash

In toplevel form:
magit-bookmark.el:30:1:Error: Cannot open load file: No such file or directory, dash

In toplevel form:
magit-branch.el:34:1:Error: Cannot open load file: No such file or directory, dash

In toplevel form:
magit-commit.el:32:1:Error: Cannot open load file: No such file or directory, dash

In toplevel form:
magit-core.el:33:1:Error: Cannot open load file: No such file or directory, dash

In toplevel form:
magit-diff.el:31:1:Error: Cannot open load file: No such file or directory, dash

In toplevel form:
magit-ediff.el:30:1:Error: Cannot open load file: No such file or directory, dash

In toplevel form:
magit-extras.el:27:1:Error: Cannot open load file: No such file or directory, dash

In toplevel form:
magit-files.el:33:1:Error: Cannot open load file: No such file or directory, dash

In toplevel form:
magit-git.el:31:1:Error: Cannot open load file: No such file or directory, dash

In toplevel form:
magit-imenu.el:38:1:Error: Cannot open load file: No such file or directory, dash

In toplevel form:
magit-log.el:32:1:Error: Cannot open load file: No such file or directory, dash

In toplevel form:
magit-margin.el:33:1:Error: Cannot open load file: No such file or directory, dash

In toplevel form:
magit-mode.el:33:1:Error: Cannot open load file: No such file or directory, dash

In toplevel form:
magit-notes.el:30:1:Error: Cannot open load file: No such file or directory, dash

In toplevel form:
magit-obsolete.el:30:1:Error: Cannot open load file: No such file or directory, dash

In toplevel form:
magit-process.el:36:1:Error: Cannot open load file: No such file or directory, dash

In toplevel form:
magit-refs.el:30:1:Error: Cannot open load file: No such file or directory, dash

In toplevel form:
magit-remote.el:32:1:Error: Cannot open load file: No such file or directory, dash

In toplevel form:
magit-repos.el:32:1:Error: Cannot open load file: No such file or directory, dash

In toplevel form:
magit-section.el:33:1:Error: Cannot open load file: No such file or directory, dash

In toplevel form:
magit-sequence.el:32:1:Error: Cannot open load file: No such file or directory, dash

In toplevel form:
magit-stash.el:30:1:Error: Cannot open load file: No such file or directory, dash

In toplevel form:
magit-status.el:30:1:Error: Cannot open load file: No such file or directory, dash

In toplevel form:
magit-submodule.el:26:1:Error: Cannot open load file: No such file or directory, dash

In toplevel form:
magit-subtree.el:26:1:Error: Cannot open load file: No such file or directory, dash

In toplevel form:
magit-utils.el:42:1:Error: Cannot open load file: No such file or directory, dash

In toplevel form:
magit-wip.el:33:1:Error: Cannot open load file: No such file or directory, dash

In toplevel form:
magit-worktree.el:33:1:Error: Cannot open load file: No such file or directory, dash

In toplevel form:
magit.el:52:1:Error: Cannot open load file: No such file or directory, dash
